[2025-08-01T15:57:21.240+0000] {local_task_job_runner.py:120} INFO - ::group::Pre task execution logs
[2025-08-01T15:57:21.267+0000] {taskinstance.py:2076} INFO - Dependencies all met for dep_context=non-requeueable deps ti=<TaskInstance: ml_pipeline.train manual__2025-08-01T15:57:16.439505+00:00 [queued]>
[2025-08-01T15:57:21.275+0000] {taskinstance.py:2076} INFO - Dependencies all met for dep_context=requeueable deps ti=<TaskInstance: ml_pipeline.train manual__2025-08-01T15:57:16.439505+00:00 [queued]>
[2025-08-01T15:57:21.276+0000] {taskinstance.py:2306} INFO - Starting attempt 1 of 1
[2025-08-01T15:57:21.290+0000] {taskinstance.py:2330} INFO - Executing <Task(PythonOperator): train> on 2025-08-01 15:57:16.439505+00:00
[2025-08-01T15:57:21.300+0000] {logging_mixin.py:188} WARNING - /home/***/.local/lib/python3.12/site-packages/***/task/task_runner/standard_task_runner.py:62 DeprecationWarning: This process (pid=268) is multi-threaded, use of fork() may lead to deadlocks in the child.
[2025-08-01T15:57:21.299+0000] {standard_task_runner.py:90} INFO - Running: ['***', 'tasks', 'run', 'ml_pipeline', 'train', 'manual__2025-08-01T15:57:16.439505+00:00', '--job-id', '16', '--raw', '--subdir', 'DAGS_FOLDER/ml_pipeline.py', '--cfg-path', '/tmp/tmps0uwlhpi']
[2025-08-01T15:57:21.302+0000] {standard_task_runner.py:64} INFO - Started process 277 to run task
[2025-08-01T15:57:21.302+0000] {standard_task_runner.py:91} INFO - Job 16: Subtask train
[2025-08-01T15:57:21.318+0000] {logging_mixin.py:188} WARNING - /home/***/.local/lib/python3.12/site-packages/***/settings.py:195 DeprecationWarning: The sql_alchemy_conn option in [core] has been moved to the sql_alchemy_conn option in [database] - the old setting has been used, but please update your config.
[2025-08-01T15:57:21.363+0000] {task_command.py:426} INFO - Running <TaskInstance: ml_pipeline.train manual__2025-08-01T15:57:16.439505+00:00 [running]> on host 9b25a94ed79c
[2025-08-01T15:57:21.440+0000] {taskinstance.py:2648} INFO - Exporting env vars: AIRFLOW_CTX_DAG_OWNER='***' AIRFLOW_CTX_DAG_ID='ml_pipeline' AIRFLOW_CTX_TASK_ID='train' AIRFLOW_CTX_EXECUTION_DATE='2025-08-01T15:57:16.439505+00:00' AIRFLOW_CTX_TRY_NUMBER='1' AIRFLOW_CTX_DAG_RUN_ID='manual__2025-08-01T15:57:16.439505+00:00'
[2025-08-01T15:57:21.441+0000] {taskinstance.py:430} INFO - ::endgroup::
[2025-08-01T15:57:21.530+0000] {logging_mixin.py:188} WARNING - /home/***/.local/lib/python3.12/site-packages/joblib/parallel.py:1379 UserWarning: Loky-backed parallel loops cannot be called in a multiprocessing, setting n_jobs=1
[2025-08-01T15:57:21.531+0000] {logging_mixin.py:188} INFO - Fitting 3 folds for each of 12 candidates, totalling 36 fits
[2025-08-01T15:57:21.554+0000] {logging_mixin.py:188} WARNING - /home/***/.local/lib/python3.12/site-packages/xgboost/training.py:183 UserWarning: [15:57:21] WARNING: /workspace/src/learner.cc:738:
Parameters: { "use_label_encoder" } are not used.
[2025-08-01T15:57:21.616+0000] {logging_mixin.py:188} WARNING - /home/***/.local/lib/python3.12/site-packages/xgboost/training.py:183 UserWarning: [15:57:21] WARNING: /workspace/src/learner.cc:738:
Parameters: { "use_label_encoder" } are not used.
[2025-08-01T15:57:21.679+0000] {logging_mixin.py:188} WARNING - /home/***/.local/lib/python3.12/site-packages/xgboost/training.py:183 UserWarning: [15:57:21] WARNING: /workspace/src/learner.cc:738:
Parameters: { "use_label_encoder" } are not used.
[2025-08-01T15:57:21.745+0000] {logging_mixin.py:188} WARNING - /home/***/.local/lib/python3.12/site-packages/xgboost/training.py:183 UserWarning: [15:57:21] WARNING: /workspace/src/learner.cc:738:
Parameters: { "use_label_encoder" } are not used.
[2025-08-01T15:57:21.843+0000] {logging_mixin.py:188} WARNING - /home/***/.local/lib/python3.12/site-packages/xgboost/training.py:183 UserWarning: [15:57:21] WARNING: /workspace/src/learner.cc:738:
Parameters: { "use_label_encoder" } are not used.
[2025-08-01T15:57:21.941+0000] {logging_mixin.py:188} WARNING - /home/***/.local/lib/python3.12/site-packages/xgboost/training.py:183 UserWarning: [15:57:21] WARNING: /workspace/src/learner.cc:738:
Parameters: { "use_label_encoder" } are not used.
[2025-08-01T15:57:22.051+0000] {logging_mixin.py:188} WARNING - /home/***/.local/lib/python3.12/site-packages/xgboost/training.py:183 UserWarning: [15:57:22] WARNING: /workspace/src/learner.cc:738:
Parameters: { "use_label_encoder" } are not used.
[2025-08-01T15:57:22.130+0000] {logging_mixin.py:188} WARNING - /home/***/.local/lib/python3.12/site-packages/xgboost/training.py:183 UserWarning: [15:57:22] WARNING: /workspace/src/learner.cc:738:
Parameters: { "use_label_encoder" } are not used.
[2025-08-01T15:57:22.214+0000] {logging_mixin.py:188} WARNING - /home/***/.local/lib/python3.12/site-packages/xgboost/training.py:183 UserWarning: [15:57:22] WARNING: /workspace/src/learner.cc:738:
Parameters: { "use_label_encoder" } are not used.
[2025-08-01T15:57:22.309+0000] {logging_mixin.py:188} WARNING - /home/***/.local/lib/python3.12/site-packages/xgboost/training.py:183 UserWarning: [15:57:22] WARNING: /workspace/src/learner.cc:738:
Parameters: { "use_label_encoder" } are not used.
[2025-08-01T15:57:22.448+0000] {logging_mixin.py:188} WARNING - /home/***/.local/lib/python3.12/site-packages/xgboost/training.py:183 UserWarning: [15:57:22] WARNING: /workspace/src/learner.cc:738:
Parameters: { "use_label_encoder" } are not used.
[2025-08-01T15:57:22.590+0000] {logging_mixin.py:188} WARNING - /home/***/.local/lib/python3.12/site-packages/xgboost/training.py:183 UserWarning: [15:57:22] WARNING: /workspace/src/learner.cc:738:
Parameters: { "use_label_encoder" } are not used.
[2025-08-01T15:57:22.796+0000] {logging_mixin.py:188} WARNING - /home/***/.local/lib/python3.12/site-packages/xgboost/training.py:183 UserWarning: [15:57:22] WARNING: /workspace/src/learner.cc:738:
Parameters: { "use_label_encoder" } are not used.
[2025-08-01T15:57:22.911+0000] {logging_mixin.py:188} WARNING - /home/***/.local/lib/python3.12/site-packages/xgboost/training.py:183 UserWarning: [15:57:22] WARNING: /workspace/src/learner.cc:738:
Parameters: { "use_label_encoder" } are not used.
[2025-08-01T15:57:23.024+0000] {logging_mixin.py:188} WARNING - /home/***/.local/lib/python3.12/site-packages/xgboost/training.py:183 UserWarning: [15:57:23] WARNING: /workspace/src/learner.cc:738:
Parameters: { "use_label_encoder" } are not used.
[2025-08-01T15:57:23.143+0000] {logging_mixin.py:188} WARNING - /home/***/.local/lib/python3.12/site-packages/xgboost/training.py:183 UserWarning: [15:57:23] WARNING: /workspace/src/learner.cc:738:
Parameters: { "use_label_encoder" } are not used.
[2025-08-01T15:57:23.422+0000] {logging_mixin.py:188} WARNING - /home/***/.local/lib/python3.12/site-packages/xgboost/training.py:183 UserWarning: [15:57:23] WARNING: /workspace/src/learner.cc:738:
Parameters: { "use_label_encoder" } are not used.
[2025-08-01T15:57:23.708+0000] {logging_mixin.py:188} WARNING - /home/***/.local/lib/python3.12/site-packages/xgboost/training.py:183 UserWarning: [15:57:23] WARNING: /workspace/src/learner.cc:738:
Parameters: { "use_label_encoder" } are not used.
[2025-08-01T15:57:23.924+0000] {logging_mixin.py:188} WARNING - /home/***/.local/lib/python3.12/site-packages/xgboost/training.py:183 UserWarning: [15:57:23] WARNING: /workspace/src/learner.cc:738:
Parameters: { "use_label_encoder" } are not used.
[2025-08-01T15:57:23.989+0000] {logging_mixin.py:188} WARNING - /home/***/.local/lib/python3.12/site-packages/xgboost/training.py:183 UserWarning: [15:57:23] WARNING: /workspace/src/learner.cc:738:
Parameters: { "use_label_encoder" } are not used.
[2025-08-01T15:57:24.097+0000] {logging_mixin.py:188} WARNING - /home/***/.local/lib/python3.12/site-packages/xgboost/training.py:183 UserWarning: [15:57:24] WARNING: /workspace/src/learner.cc:738:
Parameters: { "use_label_encoder" } are not used.
[2025-08-01T15:57:24.164+0000] {logging_mixin.py:188} WARNING - /home/***/.local/lib/python3.12/site-packages/xgboost/training.py:183 UserWarning: [15:57:24] WARNING: /workspace/src/learner.cc:738:
Parameters: { "use_label_encoder" } are not used.
[2025-08-01T15:57:24.278+0000] {logging_mixin.py:188} WARNING - /home/***/.local/lib/python3.12/site-packages/xgboost/training.py:183 UserWarning: [15:57:24] WARNING: /workspace/src/learner.cc:738:
Parameters: { "use_label_encoder" } are not used.
[2025-08-01T15:57:24.387+0000] {logging_mixin.py:188} WARNING - /home/***/.local/lib/python3.12/site-packages/xgboost/training.py:183 UserWarning: [15:57:24] WARNING: /workspace/src/learner.cc:738:
Parameters: { "use_label_encoder" } are not used.
[2025-08-01T15:57:24.494+0000] {logging_mixin.py:188} WARNING - /home/***/.local/lib/python3.12/site-packages/xgboost/training.py:183 UserWarning: [15:57:24] WARNING: /workspace/src/learner.cc:738:
Parameters: { "use_label_encoder" } are not used.
[2025-08-01T15:57:24.579+0000] {logging_mixin.py:188} WARNING - /home/***/.local/lib/python3.12/site-packages/xgboost/training.py:183 UserWarning: [15:57:24] WARNING: /workspace/src/learner.cc:738:
Parameters: { "use_label_encoder" } are not used.
[2025-08-01T15:57:24.701+0000] {logging_mixin.py:188} WARNING - /home/***/.local/lib/python3.12/site-packages/xgboost/training.py:183 UserWarning: [15:57:24] WARNING: /workspace/src/learner.cc:738:
Parameters: { "use_label_encoder" } are not used.
[2025-08-01T15:57:24.782+0000] {logging_mixin.py:188} WARNING - /home/***/.local/lib/python3.12/site-packages/xgboost/training.py:183 UserWarning: [15:57:24] WARNING: /workspace/src/learner.cc:738:
Parameters: { "use_label_encoder" } are not used.
[2025-08-01T15:57:24.911+0000] {logging_mixin.py:188} WARNING - /home/***/.local/lib/python3.12/site-packages/xgboost/training.py:183 UserWarning: [15:57:24] WARNING: /workspace/src/learner.cc:738:
Parameters: { "use_label_encoder" } are not used.
[2025-08-01T15:57:25.047+0000] {logging_mixin.py:188} WARNING - /home/***/.local/lib/python3.12/site-packages/xgboost/training.py:183 UserWarning: [15:57:25] WARNING: /workspace/src/learner.cc:738:
Parameters: { "use_label_encoder" } are not used.
[2025-08-01T15:57:25.215+0000] {logging_mixin.py:188} WARNING - /home/***/.local/lib/python3.12/site-packages/xgboost/training.py:183 UserWarning: [15:57:25] WARNING: /workspace/src/learner.cc:738:
Parameters: { "use_label_encoder" } are not used.
[2025-08-01T15:57:25.432+0000] {logging_mixin.py:188} WARNING - /home/***/.local/lib/python3.12/site-packages/xgboost/training.py:183 UserWarning: [15:57:25] WARNING: /workspace/src/learner.cc:738:
Parameters: { "use_label_encoder" } are not used.
[2025-08-01T15:57:25.570+0000] {logging_mixin.py:188} WARNING - /home/***/.local/lib/python3.12/site-packages/xgboost/training.py:183 UserWarning: [15:57:25] WARNING: /workspace/src/learner.cc:738:
Parameters: { "use_label_encoder" } are not used.
[2025-08-01T15:57:25.731+0000] {logging_mixin.py:188} WARNING - /home/***/.local/lib/python3.12/site-packages/xgboost/training.py:183 UserWarning: [15:57:25] WARNING: /workspace/src/learner.cc:738:
Parameters: { "use_label_encoder" } are not used.
[2025-08-01T15:57:25.974+0000] {logging_mixin.py:188} WARNING - /home/***/.local/lib/python3.12/site-packages/xgboost/training.py:183 UserWarning: [15:57:25] WARNING: /workspace/src/learner.cc:738:
Parameters: { "use_label_encoder" } are not used.
[2025-08-01T15:57:26.163+0000] {logging_mixin.py:188} WARNING - /home/***/.local/lib/python3.12/site-packages/xgboost/training.py:183 UserWarning: [15:57:26] WARNING: /workspace/src/learner.cc:738:
Parameters: { "use_label_encoder" } are not used.
[2025-08-01T15:57:26.403+0000] {logging_mixin.py:188} WARNING - /home/***/.local/lib/python3.12/site-packages/xgboost/training.py:183 UserWarning: [15:57:26] WARNING: /workspace/src/learner.cc:738:
Parameters: { "use_label_encoder" } are not used.
[2025-08-01T15:57:26.505+0000] {python.py:237} INFO - Done. Returned value was: None
[2025-08-01T15:57:26.506+0000] {taskinstance.py:441} INFO - ::group::Post task execution logs
[2025-08-01T15:57:26.513+0000] {taskinstance.py:1206} INFO - Marking task as SUCCESS. dag_id=ml_pipeline, task_id=train, run_id=manual__2025-08-01T15:57:16.439505+00:00, execution_date=20250801T155716, start_date=20250801T155721, end_date=20250801T155726
[2025-08-01T15:57:26.561+0000] {local_task_job_runner.py:243} INFO - Task exited with return code 0
[2025-08-01T15:57:26.578+0000] {taskinstance.py:3503} INFO - 1 downstream tasks scheduled from follow-on schedule check
[2025-08-01T15:57:26.581+0000] {local_task_job_runner.py:222} INFO - ::endgroup::
