[2025-08-01T15:52:34.745+0000] {local_task_job_runner.py:120} INFO - ::group::Pre task execution logs
[2025-08-01T15:52:34.774+0000] {taskinstance.py:2076} INFO - Dependencies all met for dep_context=non-requeueable deps ti=<TaskInstance: ml_pipeline.train manual__2025-08-01T15:52:30.072924+00:00 [queued]>
[2025-08-01T15:52:34.782+0000] {taskinstance.py:2076} INFO - Dependencies all met for dep_context=requeueable deps ti=<TaskInstance: ml_pipeline.train manual__2025-08-01T15:52:30.072924+00:00 [queued]>
[2025-08-01T15:52:34.782+0000] {taskinstance.py:2306} INFO - Starting attempt 1 of 1
[2025-08-01T15:52:34.793+0000] {taskinstance.py:2330} INFO - Executing <Task(PythonOperator): train> on 2025-08-01 15:52:30.072924+00:00
[2025-08-01T15:52:34.804+0000] {logging_mixin.py:188} WARNING - /home/***/.local/lib/python3.12/site-packages/***/task/task_runner/standard_task_runner.py:62 DeprecationWarning: This process (pid=216) is multi-threaded, use of fork() may lead to deadlocks in the child.
[2025-08-01T15:52:34.804+0000] {standard_task_runner.py:90} INFO - Running: ['***', 'tasks', 'run', 'ml_pipeline', 'train', 'manual__2025-08-01T15:52:30.072924+00:00', '--job-id', '12', '--raw', '--subdir', 'DAGS_FOLDER/ml_pipeline.py', '--cfg-path', '/tmp/tmpr8xob25v']
[2025-08-01T15:52:34.806+0000] {standard_task_runner.py:64} INFO - Started process 225 to run task
[2025-08-01T15:52:34.806+0000] {standard_task_runner.py:91} INFO - Job 12: Subtask train
[2025-08-01T15:52:34.823+0000] {logging_mixin.py:188} WARNING - /home/***/.local/lib/python3.12/site-packages/***/settings.py:195 DeprecationWarning: The sql_alchemy_conn option in [core] has been moved to the sql_alchemy_conn option in [database] - the old setting has been used, but please update your config.
[2025-08-01T15:52:34.868+0000] {task_command.py:426} INFO - Running <TaskInstance: ml_pipeline.train manual__2025-08-01T15:52:30.072924+00:00 [running]> on host 9b25a94ed79c
[2025-08-01T15:52:34.944+0000] {taskinstance.py:2648} INFO - Exporting env vars: AIRFLOW_CTX_DAG_OWNER='***' AIRFLOW_CTX_DAG_ID='ml_pipeline' AIRFLOW_CTX_TASK_ID='train' AIRFLOW_CTX_EXECUTION_DATE='2025-08-01T15:52:30.072924+00:00' AIRFLOW_CTX_TRY_NUMBER='1' AIRFLOW_CTX_DAG_RUN_ID='manual__2025-08-01T15:52:30.072924+00:00'
[2025-08-01T15:52:34.945+0000] {taskinstance.py:430} INFO - ::endgroup::
[2025-08-01T15:52:35.036+0000] {logging_mixin.py:188} WARNING - /home/***/.local/lib/python3.12/site-packages/joblib/parallel.py:1379 UserWarning: Loky-backed parallel loops cannot be called in a multiprocessing, setting n_jobs=1
[2025-08-01T15:52:35.037+0000] {logging_mixin.py:188} INFO - Fitting 3 folds for each of 12 candidates, totalling 36 fits
[2025-08-01T15:52:35.090+0000] {logging_mixin.py:188} WARNING - /home/***/.local/lib/python3.12/site-packages/xgboost/training.py:183 UserWarning: [15:52:35] WARNING: /workspace/src/learner.cc:738:
Parameters: { "use_label_encoder" } are not used.
[2025-08-01T15:52:35.199+0000] {logging_mixin.py:188} WARNING - /home/***/.local/lib/python3.12/site-packages/xgboost/training.py:183 UserWarning: [15:52:35] WARNING: /workspace/src/learner.cc:738:
Parameters: { "use_label_encoder" } are not used.
[2025-08-01T15:52:35.260+0000] {logging_mixin.py:188} WARNING - /home/***/.local/lib/python3.12/site-packages/xgboost/training.py:183 UserWarning: [15:52:35] WARNING: /workspace/src/learner.cc:738:
Parameters: { "use_label_encoder" } are not used.
[2025-08-01T15:52:35.323+0000] {logging_mixin.py:188} WARNING - /home/***/.local/lib/python3.12/site-packages/xgboost/training.py:183 UserWarning: [15:52:35] WARNING: /workspace/src/learner.cc:738:
Parameters: { "use_label_encoder" } are not used.
[2025-08-01T15:52:35.443+0000] {logging_mixin.py:188} WARNING - /home/***/.local/lib/python3.12/site-packages/xgboost/training.py:183 UserWarning: [15:52:35] WARNING: /workspace/src/learner.cc:738:
Parameters: { "use_label_encoder" } are not used.
[2025-08-01T15:52:37.625+0000] {logging_mixin.py:188} WARNING - /home/***/.local/lib/python3.12/site-packages/xgboost/training.py:183 UserWarning: [15:52:37] WARNING: /workspace/src/learner.cc:738:
Parameters: { "use_label_encoder" } are not used.
[2025-08-01T15:52:37.751+0000] {logging_mixin.py:188} WARNING - /home/***/.local/lib/python3.12/site-packages/xgboost/training.py:183 UserWarning: [15:52:37] WARNING: /workspace/src/learner.cc:738:
Parameters: { "use_label_encoder" } are not used.
[2025-08-01T15:52:37.843+0000] {logging_mixin.py:188} WARNING - /home/***/.local/lib/python3.12/site-packages/xgboost/training.py:183 UserWarning: [15:52:37] WARNING: /workspace/src/learner.cc:738:
Parameters: { "use_label_encoder" } are not used.
[2025-08-01T15:52:37.955+0000] {logging_mixin.py:188} WARNING - /home/***/.local/lib/python3.12/site-packages/xgboost/training.py:183 UserWarning: [15:52:37] WARNING: /workspace/src/learner.cc:738:
Parameters: { "use_label_encoder" } are not used.
[2025-08-01T15:52:38.050+0000] {logging_mixin.py:188} WARNING - /home/***/.local/lib/python3.12/site-packages/xgboost/training.py:183 UserWarning: [15:52:38] WARNING: /workspace/src/learner.cc:738:
Parameters: { "use_label_encoder" } are not used.
[2025-08-01T15:52:38.277+0000] {logging_mixin.py:188} WARNING - /home/***/.local/lib/python3.12/site-packages/xgboost/training.py:183 UserWarning: [15:52:38] WARNING: /workspace/src/learner.cc:738:
Parameters: { "use_label_encoder" } are not used.
[2025-08-01T15:52:38.811+0000] {logging_mixin.py:188} WARNING - /home/***/.local/lib/python3.12/site-packages/xgboost/training.py:183 UserWarning: [15:52:38] WARNING: /workspace/src/learner.cc:738:
Parameters: { "use_label_encoder" } are not used.
[2025-08-01T15:52:38.978+0000] {logging_mixin.py:188} WARNING - /home/***/.local/lib/python3.12/site-packages/xgboost/training.py:183 UserWarning: [15:52:38] WARNING: /workspace/src/learner.cc:738:
Parameters: { "use_label_encoder" } are not used.
[2025-08-01T15:52:39.148+0000] {logging_mixin.py:188} WARNING - /home/***/.local/lib/python3.12/site-packages/xgboost/training.py:183 UserWarning: [15:52:39] WARNING: /workspace/src/learner.cc:738:
Parameters: { "use_label_encoder" } are not used.
[2025-08-01T15:52:39.366+0000] {logging_mixin.py:188} WARNING - /home/***/.local/lib/python3.12/site-packages/xgboost/training.py:183 UserWarning: [15:52:39] WARNING: /workspace/src/learner.cc:738:
Parameters: { "use_label_encoder" } are not used.
[2025-08-01T15:52:40.404+0000] {logging_mixin.py:188} WARNING - /home/***/.local/lib/python3.12/site-packages/xgboost/training.py:183 UserWarning: [15:52:40] WARNING: /workspace/src/learner.cc:738:
Parameters: { "use_label_encoder" } are not used.
[2025-08-01T15:52:41.665+0000] {logging_mixin.py:188} WARNING - /home/***/.local/lib/python3.12/site-packages/xgboost/training.py:183 UserWarning: [15:52:41] WARNING: /workspace/src/learner.cc:738:
Parameters: { "use_label_encoder" } are not used.
[2025-08-01T15:52:43.599+0000] {logging_mixin.py:188} WARNING - /home/***/.local/lib/python3.12/site-packages/xgboost/training.py:183 UserWarning: [15:52:43] WARNING: /workspace/src/learner.cc:738:
Parameters: { "use_label_encoder" } are not used.
[2025-08-01T15:52:44.764+0000] {logging_mixin.py:188} WARNING - /home/***/.local/lib/python3.12/site-packages/xgboost/training.py:183 UserWarning: [15:52:44] WARNING: /workspace/src/learner.cc:738:
Parameters: { "use_label_encoder" } are not used.
[2025-08-01T15:52:44.879+0000] {logging_mixin.py:188} WARNING - /home/***/.local/lib/python3.12/site-packages/xgboost/training.py:183 UserWarning: [15:52:44] WARNING: /workspace/src/learner.cc:738:
Parameters: { "use_label_encoder" } are not used.
[2025-08-01T15:52:45.040+0000] {logging_mixin.py:188} WARNING - /home/***/.local/lib/python3.12/site-packages/xgboost/training.py:183 UserWarning: [15:52:45] WARNING: /workspace/src/learner.cc:738:
Parameters: { "use_label_encoder" } are not used.
[2025-08-01T15:52:45.903+0000] {logging_mixin.py:188} WARNING - /home/***/.local/lib/python3.12/site-packages/xgboost/training.py:183 UserWarning: [15:52:45] WARNING: /workspace/src/learner.cc:738:
Parameters: { "use_label_encoder" } are not used.
[2025-08-01T15:52:46.166+0000] {logging_mixin.py:188} WARNING - /home/***/.local/lib/python3.12/site-packages/xgboost/training.py:183 UserWarning: [15:52:46] WARNING: /workspace/src/learner.cc:738:
Parameters: { "use_label_encoder" } are not used.
[2025-08-01T15:52:47.034+0000] {logging_mixin.py:188} WARNING - /home/***/.local/lib/python3.12/site-packages/xgboost/training.py:183 UserWarning: [15:52:47] WARNING: /workspace/src/learner.cc:738:
Parameters: { "use_label_encoder" } are not used.
[2025-08-01T15:52:47.253+0000] {logging_mixin.py:188} WARNING - /home/***/.local/lib/python3.12/site-packages/xgboost/training.py:183 UserWarning: [15:52:47] WARNING: /workspace/src/learner.cc:738:
Parameters: { "use_label_encoder" } are not used.
[2025-08-01T15:52:48.067+0000] {logging_mixin.py:188} WARNING - /home/***/.local/lib/python3.12/site-packages/xgboost/training.py:183 UserWarning: [15:52:48] WARNING: /workspace/src/learner.cc:738:
Parameters: { "use_label_encoder" } are not used.
[2025-08-01T15:52:48.222+0000] {logging_mixin.py:188} WARNING - /home/***/.local/lib/python3.12/site-packages/xgboost/training.py:183 UserWarning: [15:52:48] WARNING: /workspace/src/learner.cc:738:
Parameters: { "use_label_encoder" } are not used.
[2025-08-01T15:52:48.352+0000] {logging_mixin.py:188} WARNING - /home/***/.local/lib/python3.12/site-packages/xgboost/training.py:183 UserWarning: [15:52:48] WARNING: /workspace/src/learner.cc:738:
Parameters: { "use_label_encoder" } are not used.
[2025-08-01T15:52:49.375+0000] {logging_mixin.py:188} WARNING - /home/***/.local/lib/python3.12/site-packages/xgboost/training.py:183 UserWarning: [15:52:49] WARNING: /workspace/src/learner.cc:738:
Parameters: { "use_label_encoder" } are not used.
[2025-08-01T15:52:50.371+0000] {logging_mixin.py:188} WARNING - /home/***/.local/lib/python3.12/site-packages/xgboost/training.py:183 UserWarning: [15:52:50] WARNING: /workspace/src/learner.cc:738:
Parameters: { "use_label_encoder" } are not used.
[2025-08-01T15:52:50.690+0000] {logging_mixin.py:188} WARNING - /home/***/.local/lib/python3.12/site-packages/xgboost/training.py:183 UserWarning: [15:52:50] WARNING: /workspace/src/learner.cc:738:
Parameters: { "use_label_encoder" } are not used.
[2025-08-01T15:52:51.599+0000] {logging_mixin.py:188} WARNING - /home/***/.local/lib/python3.12/site-packages/xgboost/training.py:183 UserWarning: [15:52:51] WARNING: /workspace/src/learner.cc:738:
Parameters: { "use_label_encoder" } are not used.
[2025-08-01T15:52:51.770+0000] {logging_mixin.py:188} WARNING - /home/***/.local/lib/python3.12/site-packages/xgboost/training.py:183 UserWarning: [15:52:51] WARNING: /workspace/src/learner.cc:738:
Parameters: { "use_label_encoder" } are not used.
[2025-08-01T15:52:52.623+0000] {logging_mixin.py:188} WARNING - /home/***/.local/lib/python3.12/site-packages/xgboost/training.py:183 UserWarning: [15:52:52] WARNING: /workspace/src/learner.cc:738:
Parameters: { "use_label_encoder" } are not used.
[2025-08-01T15:52:53.637+0000] {logging_mixin.py:188} WARNING - /home/***/.local/lib/python3.12/site-packages/xgboost/training.py:183 UserWarning: [15:52:53] WARNING: /workspace/src/learner.cc:738:
Parameters: { "use_label_encoder" } are not used.
[2025-08-01T15:52:54.010+0000] {logging_mixin.py:188} WARNING - /home/***/.local/lib/python3.12/site-packages/xgboost/training.py:183 UserWarning: [15:52:54] WARNING: /workspace/src/learner.cc:738:
Parameters: { "use_label_encoder" } are not used.
[2025-08-01T15:52:55.143+0000] {logging_mixin.py:188} WARNING - /home/***/.local/lib/python3.12/site-packages/xgboost/training.py:183 UserWarning: [15:52:55] WARNING: /workspace/src/learner.cc:738:
Parameters: { "use_label_encoder" } are not used.
[2025-08-01T15:52:56.006+0000] {python.py:237} INFO - Done. Returned value was: None
[2025-08-01T15:52:56.007+0000] {taskinstance.py:441} INFO - ::group::Post task execution logs
[2025-08-01T15:52:56.019+0000] {taskinstance.py:1206} INFO - Marking task as SUCCESS. dag_id=ml_pipeline, task_id=train, run_id=manual__2025-08-01T15:52:30.072924+00:00, execution_date=20250801T155230, start_date=20250801T155234, end_date=20250801T155256
[2025-08-01T15:52:56.083+0000] {local_task_job_runner.py:243} INFO - Task exited with return code 0
[2025-08-01T15:52:56.133+0000] {taskinstance.py:3503} INFO - 1 downstream tasks scheduled from follow-on schedule check
[2025-08-01T15:52:56.139+0000] {local_task_job_runner.py:222} INFO - ::endgroup::
