[2025-08-01T15:03:16.547+0000] {processor.py:161} INFO - Started process (PID=164) to work on /opt/airflow/dags/ml_pipeline.py
[2025-08-01T15:03:16.548+0000] {processor.py:830} INFO - Processing file /opt/airflow/dags/ml_pipeline.py for tasks to queue
[2025-08-01T15:03:16.551+0000] {logging_mixin.py:188} INFO - [2025-08-01T15:03:16.551+0000] {dagbag.py:545} INFO - Filling up the DagBag from /opt/airflow/dags/ml_pipeline.py
[2025-08-01T15:03:18.457+0000] {logging_mixin.py:188} INFO - [2025-08-01T15:03:18.449+0000] {dagbag.py:355} ERROR - Failed to import: /opt/airflow/dags/ml_pipeline.py
Traceback (most recent call last):
  File "/home/airflow/.local/lib/python3.12/site-packages/airflow/models/dagbag.py", line 351, in parse
    loader.exec_module(new_module)
  File "<frozen importlib._bootstrap_external>", line 995, in exec_module
  File "<frozen importlib._bootstrap>", line 488, in _call_with_frames_removed
  File "/opt/airflow/dags/ml_pipeline.py", line 7, in <module>
    import data_preprocessing
  File "/opt/airflow/src/data_preprocessing.py", line 2, in <module>
    from sklearn.model_selection import train_test_split
ModuleNotFoundError: No module named 'sklearn'
[2025-08-01T15:03:18.459+0000] {processor.py:842} WARNING - No viable dags retrieved from /opt/airflow/dags/ml_pipeline.py
[2025-08-01T15:03:18.480+0000] {processor.py:183} INFO - Processing /opt/airflow/dags/ml_pipeline.py took 1.940 seconds
[2025-08-01T15:03:48.789+0000] {processor.py:161} INFO - Started process (PID=170) to work on /opt/airflow/dags/ml_pipeline.py
[2025-08-01T15:03:48.791+0000] {processor.py:830} INFO - Processing file /opt/airflow/dags/ml_pipeline.py for tasks to queue
[2025-08-01T15:03:48.795+0000] {logging_mixin.py:188} INFO - [2025-08-01T15:03:48.794+0000] {dagbag.py:545} INFO - Filling up the DagBag from /opt/airflow/dags/ml_pipeline.py
[2025-08-01T15:03:49.113+0000] {logging_mixin.py:188} INFO - [2025-08-01T15:03:49.103+0000] {dagbag.py:355} ERROR - Failed to import: /opt/airflow/dags/ml_pipeline.py
Traceback (most recent call last):
  File "/home/airflow/.local/lib/python3.12/site-packages/airflow/models/dagbag.py", line 351, in parse
    loader.exec_module(new_module)
  File "<frozen importlib._bootstrap_external>", line 995, in exec_module
  File "<frozen importlib._bootstrap>", line 488, in _call_with_frames_removed
  File "/opt/airflow/dags/ml_pipeline.py", line 7, in <module>
    import data_preprocessing
  File "/opt/airflow/src/data_preprocessing.py", line 2, in <module>
    from sklearn.model_selection import train_test_split
ModuleNotFoundError: No module named 'sklearn'
[2025-08-01T15:03:49.114+0000] {processor.py:842} WARNING - No viable dags retrieved from /opt/airflow/dags/ml_pipeline.py
[2025-08-01T15:03:49.141+0000] {processor.py:183} INFO - Processing /opt/airflow/dags/ml_pipeline.py took 0.359 seconds
[2025-08-01T15:04:19.418+0000] {processor.py:161} INFO - Started process (PID=176) to work on /opt/airflow/dags/ml_pipeline.py
[2025-08-01T15:04:19.420+0000] {processor.py:830} INFO - Processing file /opt/airflow/dags/ml_pipeline.py for tasks to queue
[2025-08-01T15:04:19.423+0000] {logging_mixin.py:188} INFO - [2025-08-01T15:04:19.422+0000] {dagbag.py:545} INFO - Filling up the DagBag from /opt/airflow/dags/ml_pipeline.py
[2025-08-01T15:04:19.755+0000] {logging_mixin.py:188} INFO - [2025-08-01T15:04:19.746+0000] {dagbag.py:355} ERROR - Failed to import: /opt/airflow/dags/ml_pipeline.py
Traceback (most recent call last):
  File "/home/airflow/.local/lib/python3.12/site-packages/airflow/models/dagbag.py", line 351, in parse
    loader.exec_module(new_module)
  File "<frozen importlib._bootstrap_external>", line 995, in exec_module
  File "<frozen importlib._bootstrap>", line 488, in _call_with_frames_removed
  File "/opt/airflow/dags/ml_pipeline.py", line 7, in <module>
    import data_preprocessing
  File "/opt/airflow/src/data_preprocessing.py", line 2, in <module>
    from sklearn.model_selection import train_test_split
ModuleNotFoundError: No module named 'sklearn'
[2025-08-01T15:04:19.757+0000] {processor.py:842} WARNING - No viable dags retrieved from /opt/airflow/dags/ml_pipeline.py
[2025-08-01T15:04:19.779+0000] {processor.py:183} INFO - Processing /opt/airflow/dags/ml_pipeline.py took 0.370 seconds
[2025-08-01T15:04:53.611+0000] {processor.py:161} INFO - Started process (PID=164) to work on /opt/airflow/dags/ml_pipeline.py
[2025-08-01T15:04:53.613+0000] {processor.py:830} INFO - Processing file /opt/airflow/dags/ml_pipeline.py for tasks to queue
[2025-08-01T15:04:53.616+0000] {logging_mixin.py:188} INFO - [2025-08-01T15:04:53.615+0000] {dagbag.py:545} INFO - Filling up the DagBag from /opt/airflow/dags/ml_pipeline.py
[2025-08-01T15:04:55.202+0000] {logging_mixin.py:188} INFO - [2025-08-01T15:04:55.196+0000] {dagbag.py:355} ERROR - Failed to import: /opt/airflow/dags/ml_pipeline.py
Traceback (most recent call last):
  File "/home/airflow/.local/lib/python3.12/site-packages/airflow/models/dagbag.py", line 351, in parse
    loader.exec_module(new_module)
  File "<frozen importlib._bootstrap_external>", line 995, in exec_module
  File "<frozen importlib._bootstrap>", line 488, in _call_with_frames_removed
  File "/opt/airflow/dags/ml_pipeline.py", line 7, in <module>
    import data_preprocessing
  File "/opt/airflow/src/data_preprocessing.py", line 2, in <module>
    from sklearn.model_selection import train_test_split
ModuleNotFoundError: No module named 'sklearn'
[2025-08-01T15:04:55.204+0000] {processor.py:842} WARNING - No viable dags retrieved from /opt/airflow/dags/ml_pipeline.py
[2025-08-01T15:04:55.225+0000] {processor.py:183} INFO - Processing /opt/airflow/dags/ml_pipeline.py took 1.622 seconds
[2025-08-01T15:05:25.552+0000] {processor.py:161} INFO - Started process (PID=170) to work on /opt/airflow/dags/ml_pipeline.py
[2025-08-01T15:05:25.553+0000] {processor.py:830} INFO - Processing file /opt/airflow/dags/ml_pipeline.py for tasks to queue
[2025-08-01T15:05:25.556+0000] {logging_mixin.py:188} INFO - [2025-08-01T15:05:25.556+0000] {dagbag.py:545} INFO - Filling up the DagBag from /opt/airflow/dags/ml_pipeline.py
[2025-08-01T15:05:25.915+0000] {logging_mixin.py:188} INFO - [2025-08-01T15:05:25.907+0000] {dagbag.py:355} ERROR - Failed to import: /opt/airflow/dags/ml_pipeline.py
Traceback (most recent call last):
  File "/home/airflow/.local/lib/python3.12/site-packages/airflow/models/dagbag.py", line 351, in parse
    loader.exec_module(new_module)
  File "<frozen importlib._bootstrap_external>", line 995, in exec_module
  File "<frozen importlib._bootstrap>", line 488, in _call_with_frames_removed
  File "/opt/airflow/dags/ml_pipeline.py", line 7, in <module>
    import data_preprocessing
  File "/opt/airflow/src/data_preprocessing.py", line 2, in <module>
    from sklearn.model_selection import train_test_split
ModuleNotFoundError: No module named 'sklearn'
[2025-08-01T15:05:25.917+0000] {processor.py:842} WARNING - No viable dags retrieved from /opt/airflow/dags/ml_pipeline.py
[2025-08-01T15:05:25.940+0000] {processor.py:183} INFO - Processing /opt/airflow/dags/ml_pipeline.py took 0.395 seconds
[2025-08-01T15:05:56.204+0000] {processor.py:161} INFO - Started process (PID=176) to work on /opt/airflow/dags/ml_pipeline.py
[2025-08-01T15:05:56.205+0000] {processor.py:830} INFO - Processing file /opt/airflow/dags/ml_pipeline.py for tasks to queue
[2025-08-01T15:05:56.208+0000] {logging_mixin.py:188} INFO - [2025-08-01T15:05:56.208+0000] {dagbag.py:545} INFO - Filling up the DagBag from /opt/airflow/dags/ml_pipeline.py
[2025-08-01T15:05:56.526+0000] {logging_mixin.py:188} INFO - [2025-08-01T15:05:56.517+0000] {dagbag.py:355} ERROR - Failed to import: /opt/airflow/dags/ml_pipeline.py
Traceback (most recent call last):
  File "/home/airflow/.local/lib/python3.12/site-packages/airflow/models/dagbag.py", line 351, in parse
    loader.exec_module(new_module)
  File "<frozen importlib._bootstrap_external>", line 995, in exec_module
  File "<frozen importlib._bootstrap>", line 488, in _call_with_frames_removed
  File "/opt/airflow/dags/ml_pipeline.py", line 7, in <module>
    import data_preprocessing
  File "/opt/airflow/src/data_preprocessing.py", line 2, in <module>
    from sklearn.model_selection import train_test_split
ModuleNotFoundError: No module named 'sklearn'
[2025-08-01T15:05:56.528+0000] {processor.py:842} WARNING - No viable dags retrieved from /opt/airflow/dags/ml_pipeline.py
[2025-08-01T15:05:56.555+0000] {processor.py:183} INFO - Processing /opt/airflow/dags/ml_pipeline.py took 0.358 seconds
[2025-08-01T15:06:26.607+0000] {processor.py:161} INFO - Started process (PID=182) to work on /opt/airflow/dags/ml_pipeline.py
[2025-08-01T15:06:26.609+0000] {processor.py:830} INFO - Processing file /opt/airflow/dags/ml_pipeline.py for tasks to queue
[2025-08-01T15:06:26.612+0000] {logging_mixin.py:188} INFO - [2025-08-01T15:06:26.611+0000] {dagbag.py:545} INFO - Filling up the DagBag from /opt/airflow/dags/ml_pipeline.py
[2025-08-01T15:06:26.938+0000] {logging_mixin.py:188} INFO - [2025-08-01T15:06:26.929+0000] {dagbag.py:355} ERROR - Failed to import: /opt/airflow/dags/ml_pipeline.py
Traceback (most recent call last):
  File "/home/airflow/.local/lib/python3.12/site-packages/airflow/models/dagbag.py", line 351, in parse
    loader.exec_module(new_module)
  File "<frozen importlib._bootstrap_external>", line 995, in exec_module
  File "<frozen importlib._bootstrap>", line 488, in _call_with_frames_removed
  File "/opt/airflow/dags/ml_pipeline.py", line 7, in <module>
    import data_preprocessing
  File "/opt/airflow/src/data_preprocessing.py", line 2, in <module>
    from sklearn.model_selection import train_test_split
ModuleNotFoundError: No module named 'sklearn'
[2025-08-01T15:06:26.940+0000] {processor.py:842} WARNING - No viable dags retrieved from /opt/airflow/dags/ml_pipeline.py
[2025-08-01T15:06:26.961+0000] {processor.py:183} INFO - Processing /opt/airflow/dags/ml_pipeline.py took 0.361 seconds
[2025-08-01T15:06:57.216+0000] {processor.py:161} INFO - Started process (PID=188) to work on /opt/airflow/dags/ml_pipeline.py
[2025-08-01T15:06:57.218+0000] {processor.py:830} INFO - Processing file /opt/airflow/dags/ml_pipeline.py for tasks to queue
[2025-08-01T15:06:57.222+0000] {logging_mixin.py:188} INFO - [2025-08-01T15:06:57.221+0000] {dagbag.py:545} INFO - Filling up the DagBag from /opt/airflow/dags/ml_pipeline.py
[2025-08-01T15:06:57.551+0000] {logging_mixin.py:188} INFO - [2025-08-01T15:06:57.545+0000] {dagbag.py:355} ERROR - Failed to import: /opt/airflow/dags/ml_pipeline.py
Traceback (most recent call last):
  File "/home/airflow/.local/lib/python3.12/site-packages/airflow/models/dagbag.py", line 351, in parse
    loader.exec_module(new_module)
  File "<frozen importlib._bootstrap_external>", line 995, in exec_module
  File "<frozen importlib._bootstrap>", line 488, in _call_with_frames_removed
  File "/opt/airflow/dags/ml_pipeline.py", line 7, in <module>
    import data_preprocessing
  File "/opt/airflow/src/data_preprocessing.py", line 2, in <module>
    from sklearn.model_selection import train_test_split
ModuleNotFoundError: No module named 'sklearn'
[2025-08-01T15:06:57.553+0000] {processor.py:842} WARNING - No viable dags retrieved from /opt/airflow/dags/ml_pipeline.py
[2025-08-01T15:06:57.580+0000] {processor.py:183} INFO - Processing /opt/airflow/dags/ml_pipeline.py took 0.374 seconds
[2025-08-01T15:07:27.936+0000] {processor.py:161} INFO - Started process (PID=194) to work on /opt/airflow/dags/ml_pipeline.py
[2025-08-01T15:07:27.937+0000] {processor.py:830} INFO - Processing file /opt/airflow/dags/ml_pipeline.py for tasks to queue
[2025-08-01T15:07:27.940+0000] {logging_mixin.py:188} INFO - [2025-08-01T15:07:27.939+0000] {dagbag.py:545} INFO - Filling up the DagBag from /opt/airflow/dags/ml_pipeline.py
[2025-08-01T15:07:28.277+0000] {logging_mixin.py:188} INFO - [2025-08-01T15:07:28.270+0000] {dagbag.py:355} ERROR - Failed to import: /opt/airflow/dags/ml_pipeline.py
Traceback (most recent call last):
  File "/home/airflow/.local/lib/python3.12/site-packages/airflow/models/dagbag.py", line 351, in parse
    loader.exec_module(new_module)
  File "<frozen importlib._bootstrap_external>", line 995, in exec_module
  File "<frozen importlib._bootstrap>", line 488, in _call_with_frames_removed
  File "/opt/airflow/dags/ml_pipeline.py", line 7, in <module>
    import data_preprocessing
  File "/opt/airflow/src/data_preprocessing.py", line 2, in <module>
    from sklearn.model_selection import train_test_split
ModuleNotFoundError: No module named 'sklearn'
[2025-08-01T15:07:28.279+0000] {processor.py:842} WARNING - No viable dags retrieved from /opt/airflow/dags/ml_pipeline.py
[2025-08-01T15:07:28.302+0000] {processor.py:183} INFO - Processing /opt/airflow/dags/ml_pipeline.py took 0.374 seconds
[2025-08-01T15:07:58.628+0000] {processor.py:161} INFO - Started process (PID=200) to work on /opt/airflow/dags/ml_pipeline.py
[2025-08-01T15:07:58.629+0000] {processor.py:830} INFO - Processing file /opt/airflow/dags/ml_pipeline.py for tasks to queue
[2025-08-01T15:07:58.632+0000] {logging_mixin.py:188} INFO - [2025-08-01T15:07:58.632+0000] {dagbag.py:545} INFO - Filling up the DagBag from /opt/airflow/dags/ml_pipeline.py
[2025-08-01T15:07:58.970+0000] {logging_mixin.py:188} INFO - [2025-08-01T15:07:58.960+0000] {dagbag.py:355} ERROR - Failed to import: /opt/airflow/dags/ml_pipeline.py
Traceback (most recent call last):
  File "/home/airflow/.local/lib/python3.12/site-packages/airflow/models/dagbag.py", line 351, in parse
    loader.exec_module(new_module)
  File "<frozen importlib._bootstrap_external>", line 995, in exec_module
  File "<frozen importlib._bootstrap>", line 488, in _call_with_frames_removed
  File "/opt/airflow/dags/ml_pipeline.py", line 7, in <module>
    import data_preprocessing
  File "/opt/airflow/src/data_preprocessing.py", line 2, in <module>
    from sklearn.model_selection import train_test_split
ModuleNotFoundError: No module named 'sklearn'
[2025-08-01T15:07:58.973+0000] {processor.py:842} WARNING - No viable dags retrieved from /opt/airflow/dags/ml_pipeline.py
[2025-08-01T15:07:59.003+0000] {processor.py:183} INFO - Processing /opt/airflow/dags/ml_pipeline.py took 0.385 seconds
[2025-08-01T15:08:29.345+0000] {processor.py:161} INFO - Started process (PID=206) to work on /opt/airflow/dags/ml_pipeline.py
[2025-08-01T15:08:29.347+0000] {processor.py:830} INFO - Processing file /opt/airflow/dags/ml_pipeline.py for tasks to queue
[2025-08-01T15:08:29.350+0000] {logging_mixin.py:188} INFO - [2025-08-01T15:08:29.349+0000] {dagbag.py:545} INFO - Filling up the DagBag from /opt/airflow/dags/ml_pipeline.py
[2025-08-01T15:08:29.677+0000] {logging_mixin.py:188} INFO - [2025-08-01T15:08:29.670+0000] {dagbag.py:355} ERROR - Failed to import: /opt/airflow/dags/ml_pipeline.py
Traceback (most recent call last):
  File "/home/airflow/.local/lib/python3.12/site-packages/airflow/models/dagbag.py", line 351, in parse
    loader.exec_module(new_module)
  File "<frozen importlib._bootstrap_external>", line 995, in exec_module
  File "<frozen importlib._bootstrap>", line 488, in _call_with_frames_removed
  File "/opt/airflow/dags/ml_pipeline.py", line 7, in <module>
    import data_preprocessing
  File "/opt/airflow/src/data_preprocessing.py", line 2, in <module>
    from sklearn.model_selection import train_test_split
ModuleNotFoundError: No module named 'sklearn'
[2025-08-01T15:08:29.679+0000] {processor.py:842} WARNING - No viable dags retrieved from /opt/airflow/dags/ml_pipeline.py
[2025-08-01T15:08:29.707+0000] {processor.py:183} INFO - Processing /opt/airflow/dags/ml_pipeline.py took 0.368 seconds
[2025-08-01T15:08:59.995+0000] {processor.py:161} INFO - Started process (PID=212) to work on /opt/airflow/dags/ml_pipeline.py
[2025-08-01T15:08:59.996+0000] {processor.py:830} INFO - Processing file /opt/airflow/dags/ml_pipeline.py for tasks to queue
[2025-08-01T15:08:59.998+0000] {logging_mixin.py:188} INFO - [2025-08-01T15:08:59.998+0000] {dagbag.py:545} INFO - Filling up the DagBag from /opt/airflow/dags/ml_pipeline.py
[2025-08-01T15:09:00.341+0000] {logging_mixin.py:188} INFO - [2025-08-01T15:09:00.331+0000] {dagbag.py:355} ERROR - Failed to import: /opt/airflow/dags/ml_pipeline.py
Traceback (most recent call last):
  File "/home/airflow/.local/lib/python3.12/site-packages/airflow/models/dagbag.py", line 351, in parse
    loader.exec_module(new_module)
  File "<frozen importlib._bootstrap_external>", line 995, in exec_module
  File "<frozen importlib._bootstrap>", line 488, in _call_with_frames_removed
  File "/opt/airflow/dags/ml_pipeline.py", line 7, in <module>
    import data_preprocessing
  File "/opt/airflow/src/data_preprocessing.py", line 2, in <module>
    from sklearn.model_selection import train_test_split
ModuleNotFoundError: No module named 'sklearn'
[2025-08-01T15:09:00.343+0000] {processor.py:842} WARNING - No viable dags retrieved from /opt/airflow/dags/ml_pipeline.py
[2025-08-01T15:09:00.373+0000] {processor.py:183} INFO - Processing /opt/airflow/dags/ml_pipeline.py took 0.387 seconds
[2025-08-01T15:32:21.812+0000] {processor.py:161} INFO - Started process (PID=184) to work on /opt/airflow/dags/ml_pipeline.py
[2025-08-01T15:32:21.814+0000] {processor.py:830} INFO - Processing file /opt/airflow/dags/ml_pipeline.py for tasks to queue
[2025-08-01T15:32:21.816+0000] {logging_mixin.py:188} INFO - [2025-08-01T15:32:21.816+0000] {dagbag.py:545} INFO - Filling up the DagBag from /opt/airflow/dags/ml_pipeline.py
[2025-08-01T15:32:24.972+0000] {logging_mixin.py:188} INFO - [2025-08-01T15:32:24.966+0000] {dagbag.py:355} ERROR - Failed to import: /opt/airflow/dags/ml_pipeline.py
Traceback (most recent call last):
  File "/home/airflow/.local/lib/python3.12/site-packages/airflow/models/dagbag.py", line 351, in parse
    loader.exec_module(new_module)
  File "<frozen importlib._bootstrap_external>", line 995, in exec_module
  File "<frozen importlib._bootstrap>", line 488, in _call_with_frames_removed
  File "/opt/airflow/dags/ml_pipeline.py", line 23, in <module>
    python_callable=data_preprocessing.run
                    ^^^^^^^^^^^^^^^^^^^^^^
AttributeError: module 'data_preprocessing' has no attribute 'run'
[2025-08-01T15:32:24.975+0000] {processor.py:842} WARNING - No viable dags retrieved from /opt/airflow/dags/ml_pipeline.py
[2025-08-01T15:32:24.996+0000] {processor.py:183} INFO - Processing /opt/airflow/dags/ml_pipeline.py took 3.192 seconds
[2025-08-01T15:32:55.167+0000] {processor.py:161} INFO - Started process (PID=197) to work on /opt/airflow/dags/ml_pipeline.py
[2025-08-01T15:32:55.168+0000] {processor.py:830} INFO - Processing file /opt/airflow/dags/ml_pipeline.py for tasks to queue
[2025-08-01T15:32:55.172+0000] {logging_mixin.py:188} INFO - [2025-08-01T15:32:55.171+0000] {dagbag.py:545} INFO - Filling up the DagBag from /opt/airflow/dags/ml_pipeline.py
[2025-08-01T15:32:56.282+0000] {logging_mixin.py:188} INFO - [2025-08-01T15:32:56.277+0000] {dagbag.py:355} ERROR - Failed to import: /opt/airflow/dags/ml_pipeline.py
Traceback (most recent call last):
  File "/home/airflow/.local/lib/python3.12/site-packages/airflow/models/dagbag.py", line 351, in parse
    loader.exec_module(new_module)
  File "<frozen importlib._bootstrap_external>", line 995, in exec_module
  File "<frozen importlib._bootstrap>", line 488, in _call_with_frames_removed
  File "/opt/airflow/dags/ml_pipeline.py", line 23, in <module>
    python_callable=data_preprocessing.run
                    ^^^^^^^^^^^^^^^^^^^^^^
AttributeError: module 'data_preprocessing' has no attribute 'run'
[2025-08-01T15:32:56.283+0000] {processor.py:842} WARNING - No viable dags retrieved from /opt/airflow/dags/ml_pipeline.py
[2025-08-01T15:32:56.297+0000] {processor.py:183} INFO - Processing /opt/airflow/dags/ml_pipeline.py took 1.138 seconds
[2025-08-01T15:33:26.734+0000] {processor.py:161} INFO - Started process (PID=210) to work on /opt/airflow/dags/ml_pipeline.py
[2025-08-01T15:33:26.736+0000] {processor.py:830} INFO - Processing file /opt/airflow/dags/ml_pipeline.py for tasks to queue
[2025-08-01T15:33:26.738+0000] {logging_mixin.py:188} INFO - [2025-08-01T15:33:26.737+0000] {dagbag.py:545} INFO - Filling up the DagBag from /opt/airflow/dags/ml_pipeline.py
[2025-08-01T15:33:27.838+0000] {logging_mixin.py:188} INFO - [2025-08-01T15:33:27.834+0000] {dagbag.py:355} ERROR - Failed to import: /opt/airflow/dags/ml_pipeline.py
Traceback (most recent call last):
  File "/home/airflow/.local/lib/python3.12/site-packages/airflow/models/dagbag.py", line 351, in parse
    loader.exec_module(new_module)
  File "<frozen importlib._bootstrap_external>", line 995, in exec_module
  File "<frozen importlib._bootstrap>", line 488, in _call_with_frames_removed
  File "/opt/airflow/dags/ml_pipeline.py", line 23, in <module>
    python_callable=data_preprocessing.run
                    ^^^^^^^^^^^^^^^^^^^^^^
AttributeError: module 'data_preprocessing' has no attribute 'run'
[2025-08-01T15:33:27.840+0000] {processor.py:842} WARNING - No viable dags retrieved from /opt/airflow/dags/ml_pipeline.py
[2025-08-01T15:33:27.866+0000] {processor.py:183} INFO - Processing /opt/airflow/dags/ml_pipeline.py took 1.138 seconds
[2025-08-01T15:33:58.229+0000] {processor.py:161} INFO - Started process (PID=223) to work on /opt/airflow/dags/ml_pipeline.py
[2025-08-01T15:33:58.231+0000] {processor.py:830} INFO - Processing file /opt/airflow/dags/ml_pipeline.py for tasks to queue
[2025-08-01T15:33:58.234+0000] {logging_mixin.py:188} INFO - [2025-08-01T15:33:58.234+0000] {dagbag.py:545} INFO - Filling up the DagBag from /opt/airflow/dags/ml_pipeline.py
[2025-08-01T15:33:59.306+0000] {logging_mixin.py:188} INFO - [2025-08-01T15:33:59.301+0000] {dagbag.py:355} ERROR - Failed to import: /opt/airflow/dags/ml_pipeline.py
Traceback (most recent call last):
  File "/home/airflow/.local/lib/python3.12/site-packages/airflow/models/dagbag.py", line 351, in parse
    loader.exec_module(new_module)
  File "<frozen importlib._bootstrap_external>", line 995, in exec_module
  File "<frozen importlib._bootstrap>", line 488, in _call_with_frames_removed
  File "/opt/airflow/dags/ml_pipeline.py", line 23, in <module>
    python_callable=data_preprocessing.run
                    ^^^^^^^^^^^^^^^^^^^^^^
AttributeError: module 'data_preprocessing' has no attribute 'run'
[2025-08-01T15:33:59.307+0000] {processor.py:842} WARNING - No viable dags retrieved from /opt/airflow/dags/ml_pipeline.py
[2025-08-01T15:33:59.332+0000] {processor.py:183} INFO - Processing /opt/airflow/dags/ml_pipeline.py took 1.117 seconds
[2025-08-01T15:34:29.731+0000] {processor.py:161} INFO - Started process (PID=236) to work on /opt/airflow/dags/ml_pipeline.py
[2025-08-01T15:34:29.732+0000] {processor.py:830} INFO - Processing file /opt/airflow/dags/ml_pipeline.py for tasks to queue
[2025-08-01T15:34:29.734+0000] {logging_mixin.py:188} INFO - [2025-08-01T15:34:29.734+0000] {dagbag.py:545} INFO - Filling up the DagBag from /opt/airflow/dags/ml_pipeline.py
[2025-08-01T15:34:30.827+0000] {logging_mixin.py:188} INFO - [2025-08-01T15:34:30.822+0000] {dagbag.py:355} ERROR - Failed to import: /opt/airflow/dags/ml_pipeline.py
Traceback (most recent call last):
  File "/home/airflow/.local/lib/python3.12/site-packages/airflow/models/dagbag.py", line 351, in parse
    loader.exec_module(new_module)
  File "<frozen importlib._bootstrap_external>", line 995, in exec_module
  File "<frozen importlib._bootstrap>", line 488, in _call_with_frames_removed
  File "/opt/airflow/dags/ml_pipeline.py", line 23, in <module>
    python_callable=data_preprocessing.run
                    ^^^^^^^^^^^^^^^^^^^^^^
AttributeError: module 'data_preprocessing' has no attribute 'run'
[2025-08-01T15:34:30.828+0000] {processor.py:842} WARNING - No viable dags retrieved from /opt/airflow/dags/ml_pipeline.py
[2025-08-01T15:34:30.853+0000] {processor.py:183} INFO - Processing /opt/airflow/dags/ml_pipeline.py took 1.128 seconds
[2025-08-01T15:35:01.229+0000] {processor.py:161} INFO - Started process (PID=249) to work on /opt/airflow/dags/ml_pipeline.py
[2025-08-01T15:35:01.230+0000] {processor.py:830} INFO - Processing file /opt/airflow/dags/ml_pipeline.py for tasks to queue
[2025-08-01T15:35:01.232+0000] {logging_mixin.py:188} INFO - [2025-08-01T15:35:01.232+0000] {dagbag.py:545} INFO - Filling up the DagBag from /opt/airflow/dags/ml_pipeline.py
[2025-08-01T15:35:02.317+0000] {logging_mixin.py:188} INFO - [2025-08-01T15:35:02.312+0000] {dagbag.py:355} ERROR - Failed to import: /opt/airflow/dags/ml_pipeline.py
Traceback (most recent call last):
  File "/home/airflow/.local/lib/python3.12/site-packages/airflow/models/dagbag.py", line 351, in parse
    loader.exec_module(new_module)
  File "<frozen importlib._bootstrap_external>", line 995, in exec_module
  File "<frozen importlib._bootstrap>", line 488, in _call_with_frames_removed
  File "/opt/airflow/dags/ml_pipeline.py", line 23, in <module>
    python_callable=data_preprocessing.run
                    ^^^^^^^^^^^^^^^^^^^^^^
AttributeError: module 'data_preprocessing' has no attribute 'run'
[2025-08-01T15:35:02.318+0000] {processor.py:842} WARNING - No viable dags retrieved from /opt/airflow/dags/ml_pipeline.py
[2025-08-01T15:35:02.341+0000] {processor.py:183} INFO - Processing /opt/airflow/dags/ml_pipeline.py took 1.118 seconds
[2025-08-01T15:35:32.687+0000] {processor.py:161} INFO - Started process (PID=262) to work on /opt/airflow/dags/ml_pipeline.py
[2025-08-01T15:35:32.689+0000] {processor.py:830} INFO - Processing file /opt/airflow/dags/ml_pipeline.py for tasks to queue
[2025-08-01T15:35:32.692+0000] {logging_mixin.py:188} INFO - [2025-08-01T15:35:32.692+0000] {dagbag.py:545} INFO - Filling up the DagBag from /opt/airflow/dags/ml_pipeline.py
[2025-08-01T15:35:33.879+0000] {logging_mixin.py:188} INFO - [2025-08-01T15:35:33.876+0000] {dagbag.py:355} ERROR - Failed to import: /opt/airflow/dags/ml_pipeline.py
Traceback (most recent call last):
  File "/home/airflow/.local/lib/python3.12/site-packages/airflow/models/dagbag.py", line 351, in parse
    loader.exec_module(new_module)
  File "<frozen importlib._bootstrap_external>", line 995, in exec_module
  File "<frozen importlib._bootstrap>", line 488, in _call_with_frames_removed
  File "/opt/airflow/dags/ml_pipeline.py", line 23, in <module>
    python_callable=data_preprocessing.run
                    ^^^^^^^^^^^^^^^^^^^^^^
AttributeError: module 'data_preprocessing' has no attribute 'run'
[2025-08-01T15:35:33.881+0000] {processor.py:842} WARNING - No viable dags retrieved from /opt/airflow/dags/ml_pipeline.py
[2025-08-01T15:35:33.896+0000] {processor.py:183} INFO - Processing /opt/airflow/dags/ml_pipeline.py took 1.217 seconds
[2025-08-01T15:36:04.108+0000] {processor.py:161} INFO - Started process (PID=275) to work on /opt/airflow/dags/ml_pipeline.py
[2025-08-01T15:36:04.111+0000] {processor.py:830} INFO - Processing file /opt/airflow/dags/ml_pipeline.py for tasks to queue
[2025-08-01T15:36:04.114+0000] {logging_mixin.py:188} INFO - [2025-08-01T15:36:04.113+0000] {dagbag.py:545} INFO - Filling up the DagBag from /opt/airflow/dags/ml_pipeline.py
[2025-08-01T15:36:05.249+0000] {logging_mixin.py:188} INFO - [2025-08-01T15:36:05.246+0000] {dagbag.py:355} ERROR - Failed to import: /opt/airflow/dags/ml_pipeline.py
Traceback (most recent call last):
  File "/home/airflow/.local/lib/python3.12/site-packages/airflow/models/dagbag.py", line 351, in parse
    loader.exec_module(new_module)
  File "<frozen importlib._bootstrap_external>", line 995, in exec_module
  File "<frozen importlib._bootstrap>", line 488, in _call_with_frames_removed
  File "/opt/airflow/dags/ml_pipeline.py", line 23, in <module>
    python_callable=data_preprocessing.run
                    ^^^^^^^^^^^^^^^^^^^^^^
AttributeError: module 'data_preprocessing' has no attribute 'run'
[2025-08-01T15:36:05.250+0000] {processor.py:842} WARNING - No viable dags retrieved from /opt/airflow/dags/ml_pipeline.py
[2025-08-01T15:36:05.274+0000] {processor.py:183} INFO - Processing /opt/airflow/dags/ml_pipeline.py took 1.172 seconds
[2025-08-01T15:36:35.592+0000] {processor.py:161} INFO - Started process (PID=288) to work on /opt/airflow/dags/ml_pipeline.py
[2025-08-01T15:36:35.593+0000] {processor.py:830} INFO - Processing file /opt/airflow/dags/ml_pipeline.py for tasks to queue
[2025-08-01T15:36:35.595+0000] {logging_mixin.py:188} INFO - [2025-08-01T15:36:35.595+0000] {dagbag.py:545} INFO - Filling up the DagBag from /opt/airflow/dags/ml_pipeline.py
[2025-08-01T15:36:36.735+0000] {logging_mixin.py:188} INFO - [2025-08-01T15:36:36.730+0000] {dagbag.py:355} ERROR - Failed to import: /opt/airflow/dags/ml_pipeline.py
Traceback (most recent call last):
  File "/home/airflow/.local/lib/python3.12/site-packages/airflow/models/dagbag.py", line 351, in parse
    loader.exec_module(new_module)
  File "<frozen importlib._bootstrap_external>", line 995, in exec_module
  File "<frozen importlib._bootstrap>", line 488, in _call_with_frames_removed
  File "/opt/airflow/dags/ml_pipeline.py", line 23, in <module>
    python_callable=data_preprocessing.run
                    ^^^^^^^^^^^^^^^^^^^^^^
AttributeError: module 'data_preprocessing' has no attribute 'run'
[2025-08-01T15:36:36.736+0000] {processor.py:842} WARNING - No viable dags retrieved from /opt/airflow/dags/ml_pipeline.py
[2025-08-01T15:36:36.760+0000] {processor.py:183} INFO - Processing /opt/airflow/dags/ml_pipeline.py took 1.173 seconds
[2025-08-01T15:37:06.865+0000] {processor.py:161} INFO - Started process (PID=301) to work on /opt/airflow/dags/ml_pipeline.py
[2025-08-01T15:37:06.867+0000] {processor.py:830} INFO - Processing file /opt/airflow/dags/ml_pipeline.py for tasks to queue
[2025-08-01T15:37:06.869+0000] {logging_mixin.py:188} INFO - [2025-08-01T15:37:06.869+0000] {dagbag.py:545} INFO - Filling up the DagBag from /opt/airflow/dags/ml_pipeline.py
[2025-08-01T15:37:07.965+0000] {logging_mixin.py:188} INFO - [2025-08-01T15:37:07.960+0000] {dagbag.py:355} ERROR - Failed to import: /opt/airflow/dags/ml_pipeline.py
Traceback (most recent call last):
  File "/home/airflow/.local/lib/python3.12/site-packages/airflow/models/dagbag.py", line 351, in parse
    loader.exec_module(new_module)
  File "<frozen importlib._bootstrap_external>", line 995, in exec_module
  File "<frozen importlib._bootstrap>", line 488, in _call_with_frames_removed
  File "/opt/airflow/dags/ml_pipeline.py", line 23, in <module>
    python_callable=data_preprocessing.run
                    ^^^^^^^^^^^^^^^^^^^^^^
AttributeError: module 'data_preprocessing' has no attribute 'run'
[2025-08-01T15:37:07.966+0000] {processor.py:842} WARNING - No viable dags retrieved from /opt/airflow/dags/ml_pipeline.py
[2025-08-01T15:37:07.993+0000] {processor.py:183} INFO - Processing /opt/airflow/dags/ml_pipeline.py took 1.134 seconds
[2025-08-01T15:37:38.420+0000] {processor.py:161} INFO - Started process (PID=314) to work on /opt/airflow/dags/ml_pipeline.py
[2025-08-01T15:37:38.421+0000] {processor.py:830} INFO - Processing file /opt/airflow/dags/ml_pipeline.py for tasks to queue
[2025-08-01T15:37:38.424+0000] {logging_mixin.py:188} INFO - [2025-08-01T15:37:38.424+0000] {dagbag.py:545} INFO - Filling up the DagBag from /opt/airflow/dags/ml_pipeline.py
[2025-08-01T15:37:39.743+0000] {logging_mixin.py:188} INFO - [2025-08-01T15:37:39.739+0000] {dagbag.py:355} ERROR - Failed to import: /opt/airflow/dags/ml_pipeline.py
Traceback (most recent call last):
  File "/home/airflow/.local/lib/python3.12/site-packages/airflow/models/dagbag.py", line 351, in parse
    loader.exec_module(new_module)
  File "<frozen importlib._bootstrap_external>", line 995, in exec_module
  File "<frozen importlib._bootstrap>", line 488, in _call_with_frames_removed
  File "/opt/airflow/dags/ml_pipeline.py", line 23, in <module>
    python_callable=data_preprocessing.run
                    ^^^^^^^^^^^^^^^^^^^^^^
AttributeError: module 'data_preprocessing' has no attribute 'run'
[2025-08-01T15:37:39.744+0000] {processor.py:842} WARNING - No viable dags retrieved from /opt/airflow/dags/ml_pipeline.py
[2025-08-01T15:37:39.758+0000] {processor.py:183} INFO - Processing /opt/airflow/dags/ml_pipeline.py took 1.344 seconds
[2025-08-01T15:38:10.075+0000] {processor.py:161} INFO - Started process (PID=327) to work on /opt/airflow/dags/ml_pipeline.py
[2025-08-01T15:38:10.076+0000] {processor.py:830} INFO - Processing file /opt/airflow/dags/ml_pipeline.py for tasks to queue
[2025-08-01T15:38:10.079+0000] {logging_mixin.py:188} INFO - [2025-08-01T15:38:10.079+0000] {dagbag.py:545} INFO - Filling up the DagBag from /opt/airflow/dags/ml_pipeline.py
[2025-08-01T15:38:11.212+0000] {logging_mixin.py:188} INFO - [2025-08-01T15:38:11.208+0000] {dagbag.py:355} ERROR - Failed to import: /opt/airflow/dags/ml_pipeline.py
Traceback (most recent call last):
  File "/home/airflow/.local/lib/python3.12/site-packages/airflow/models/dagbag.py", line 351, in parse
    loader.exec_module(new_module)
  File "<frozen importlib._bootstrap_external>", line 995, in exec_module
  File "<frozen importlib._bootstrap>", line 488, in _call_with_frames_removed
  File "/opt/airflow/dags/ml_pipeline.py", line 23, in <module>
    python_callable=data_preprocessing.run
                    ^^^^^^^^^^^^^^^^^^^^^^
AttributeError: module 'data_preprocessing' has no attribute 'run'
[2025-08-01T15:38:11.214+0000] {processor.py:842} WARNING - No viable dags retrieved from /opt/airflow/dags/ml_pipeline.py
[2025-08-01T15:38:11.232+0000] {processor.py:183} INFO - Processing /opt/airflow/dags/ml_pipeline.py took 1.164 seconds
[2025-08-01T15:38:41.354+0000] {processor.py:161} INFO - Started process (PID=340) to work on /opt/airflow/dags/ml_pipeline.py
[2025-08-01T15:38:41.355+0000] {processor.py:830} INFO - Processing file /opt/airflow/dags/ml_pipeline.py for tasks to queue
[2025-08-01T15:38:41.358+0000] {logging_mixin.py:188} INFO - [2025-08-01T15:38:41.358+0000] {dagbag.py:545} INFO - Filling up the DagBag from /opt/airflow/dags/ml_pipeline.py
[2025-08-01T15:38:42.686+0000] {logging_mixin.py:188} INFO - [2025-08-01T15:38:42.683+0000] {dagbag.py:355} ERROR - Failed to import: /opt/airflow/dags/ml_pipeline.py
Traceback (most recent call last):
  File "/home/airflow/.local/lib/python3.12/site-packages/airflow/models/dagbag.py", line 351, in parse
    loader.exec_module(new_module)
  File "<frozen importlib._bootstrap_external>", line 995, in exec_module
  File "<frozen importlib._bootstrap>", line 488, in _call_with_frames_removed
  File "/opt/airflow/dags/ml_pipeline.py", line 23, in <module>
    python_callable=data_preprocessing.run
                    ^^^^^^^^^^^^^^^^^^^^^^
AttributeError: module 'data_preprocessing' has no attribute 'run'
[2025-08-01T15:38:42.687+0000] {processor.py:842} WARNING - No viable dags retrieved from /opt/airflow/dags/ml_pipeline.py
[2025-08-01T15:38:42.701+0000] {processor.py:183} INFO - Processing /opt/airflow/dags/ml_pipeline.py took 1.356 seconds
[2025-08-01T15:39:12.851+0000] {processor.py:161} INFO - Started process (PID=353) to work on /opt/airflow/dags/ml_pipeline.py
[2025-08-01T15:39:12.852+0000] {processor.py:830} INFO - Processing file /opt/airflow/dags/ml_pipeline.py for tasks to queue
[2025-08-01T15:39:12.854+0000] {logging_mixin.py:188} INFO - [2025-08-01T15:39:12.853+0000] {dagbag.py:545} INFO - Filling up the DagBag from /opt/airflow/dags/ml_pipeline.py
[2025-08-01T15:39:14.128+0000] {logging_mixin.py:188} INFO - [2025-08-01T15:39:14.124+0000] {dagbag.py:355} ERROR - Failed to import: /opt/airflow/dags/ml_pipeline.py
Traceback (most recent call last):
  File "/home/airflow/.local/lib/python3.12/site-packages/airflow/models/dagbag.py", line 351, in parse
    loader.exec_module(new_module)
  File "<frozen importlib._bootstrap_external>", line 995, in exec_module
  File "<frozen importlib._bootstrap>", line 488, in _call_with_frames_removed
  File "/opt/airflow/dags/ml_pipeline.py", line 23, in <module>
    python_callable=data_preprocessing.run
                    ^^^^^^^^^^^^^^^^^^^^^^
AttributeError: module 'data_preprocessing' has no attribute 'run'
[2025-08-01T15:39:14.130+0000] {processor.py:842} WARNING - No viable dags retrieved from /opt/airflow/dags/ml_pipeline.py
[2025-08-01T15:39:14.154+0000] {processor.py:183} INFO - Processing /opt/airflow/dags/ml_pipeline.py took 1.309 seconds
[2025-08-01T15:39:44.270+0000] {processor.py:161} INFO - Started process (PID=366) to work on /opt/airflow/dags/ml_pipeline.py
[2025-08-01T15:39:44.271+0000] {processor.py:830} INFO - Processing file /opt/airflow/dags/ml_pipeline.py for tasks to queue
[2025-08-01T15:39:44.273+0000] {logging_mixin.py:188} INFO - [2025-08-01T15:39:44.273+0000] {dagbag.py:545} INFO - Filling up the DagBag from /opt/airflow/dags/ml_pipeline.py
[2025-08-01T15:39:45.446+0000] {logging_mixin.py:188} INFO - [2025-08-01T15:39:45.442+0000] {dagbag.py:355} ERROR - Failed to import: /opt/airflow/dags/ml_pipeline.py
Traceback (most recent call last):
  File "/home/airflow/.local/lib/python3.12/site-packages/airflow/models/dagbag.py", line 351, in parse
    loader.exec_module(new_module)
  File "<frozen importlib._bootstrap_external>", line 995, in exec_module
  File "<frozen importlib._bootstrap>", line 488, in _call_with_frames_removed
  File "/opt/airflow/dags/ml_pipeline.py", line 23, in <module>
    python_callable=data_preprocessing.run
                    ^^^^^^^^^^^^^^^^^^^^^^
AttributeError: module 'data_preprocessing' has no attribute 'run'
[2025-08-01T15:39:45.448+0000] {processor.py:842} WARNING - No viable dags retrieved from /opt/airflow/dags/ml_pipeline.py
[2025-08-01T15:39:45.473+0000] {processor.py:183} INFO - Processing /opt/airflow/dags/ml_pipeline.py took 1.211 seconds
[2025-08-01T15:40:08.746+0000] {processor.py:161} INFO - Started process (PID=379) to work on /opt/airflow/dags/ml_pipeline.py
[2025-08-01T15:40:08.747+0000] {processor.py:830} INFO - Processing file /opt/airflow/dags/ml_pipeline.py for tasks to queue
[2025-08-01T15:40:08.749+0000] {logging_mixin.py:188} INFO - [2025-08-01T15:40:08.749+0000] {dagbag.py:545} INFO - Filling up the DagBag from /opt/airflow/dags/ml_pipeline.py
[2025-08-01T15:40:10.003+0000] {processor.py:840} INFO - DAG(s) 'ml_pipeline' retrieved from /opt/airflow/dags/ml_pipeline.py
[2025-08-01T15:40:10.284+0000] {logging_mixin.py:188} INFO - [2025-08-01T15:40:10.283+0000] {override.py:1858} INFO - Created Permission View: can edit on DAG:ml_pipeline
[2025-08-01T15:40:10.300+0000] {logging_mixin.py:188} INFO - [2025-08-01T15:40:10.300+0000] {override.py:1858} INFO - Created Permission View: can read on DAG:ml_pipeline
[2025-08-01T15:40:10.310+0000] {logging_mixin.py:188} INFO - [2025-08-01T15:40:10.310+0000] {override.py:1858} INFO - Created Permission View: can delete on DAG:ml_pipeline
[2025-08-01T15:40:10.311+0000] {logging_mixin.py:188} INFO - [2025-08-01T15:40:10.311+0000] {dag.py:3089} INFO - Sync 1 DAGs
[2025-08-01T15:40:10.323+0000] {logging_mixin.py:188} INFO - [2025-08-01T15:40:10.323+0000] {dag.py:3111} INFO - Creating ORM DAG for ml_pipeline
[2025-08-01T15:40:10.324+0000] {logging_mixin.py:188} INFO - [2025-08-01T15:40:10.324+0000] {dag.py:3947} INFO - Setting next_dagrun for ml_pipeline to None, run_after=None
[2025-08-01T15:40:10.348+0000] {processor.py:183} INFO - Processing /opt/airflow/dags/ml_pipeline.py took 1.608 seconds
[2025-08-01T15:40:36.092+0000] {processor.py:161} INFO - Started process (PID=180) to work on /opt/airflow/dags/ml_pipeline.py
[2025-08-01T15:40:36.093+0000] {processor.py:830} INFO - Processing file /opt/airflow/dags/ml_pipeline.py for tasks to queue
[2025-08-01T15:40:36.095+0000] {logging_mixin.py:188} INFO - [2025-08-01T15:40:36.095+0000] {dagbag.py:545} INFO - Filling up the DagBag from /opt/airflow/dags/ml_pipeline.py
[2025-08-01T15:40:37.254+0000] {processor.py:840} INFO - DAG(s) 'ml_pipeline' retrieved from /opt/airflow/dags/ml_pipeline.py
[2025-08-01T15:40:37.275+0000] {logging_mixin.py:188} INFO - [2025-08-01T15:40:37.274+0000] {dag.py:3089} INFO - Sync 1 DAGs
[2025-08-01T15:40:37.285+0000] {logging_mixin.py:188} INFO - [2025-08-01T15:40:37.285+0000] {dag.py:3947} INFO - Setting next_dagrun for ml_pipeline to None, run_after=None
[2025-08-01T15:40:37.306+0000] {processor.py:183} INFO - Processing /opt/airflow/dags/ml_pipeline.py took 1.220 seconds
[2025-08-01T15:41:07.581+0000] {processor.py:161} INFO - Started process (PID=193) to work on /opt/airflow/dags/ml_pipeline.py
[2025-08-01T15:41:07.583+0000] {processor.py:830} INFO - Processing file /opt/airflow/dags/ml_pipeline.py for tasks to queue
[2025-08-01T15:41:07.586+0000] {logging_mixin.py:188} INFO - [2025-08-01T15:41:07.586+0000] {dagbag.py:545} INFO - Filling up the DagBag from /opt/airflow/dags/ml_pipeline.py
[2025-08-01T15:41:08.769+0000] {processor.py:840} INFO - DAG(s) 'ml_pipeline' retrieved from /opt/airflow/dags/ml_pipeline.py
[2025-08-01T15:41:08.869+0000] {logging_mixin.py:188} INFO - [2025-08-01T15:41:08.868+0000] {dag.py:3089} INFO - Sync 1 DAGs
[2025-08-01T15:41:08.877+0000] {logging_mixin.py:188} INFO - [2025-08-01T15:41:08.877+0000] {dag.py:3947} INFO - Setting next_dagrun for ml_pipeline to None, run_after=None
[2025-08-01T15:41:08.905+0000] {processor.py:183} INFO - Processing /opt/airflow/dags/ml_pipeline.py took 1.331 seconds
[2025-08-01T15:41:39.164+0000] {processor.py:161} INFO - Started process (PID=206) to work on /opt/airflow/dags/ml_pipeline.py
[2025-08-01T15:41:39.165+0000] {processor.py:830} INFO - Processing file /opt/airflow/dags/ml_pipeline.py for tasks to queue
[2025-08-01T15:41:39.167+0000] {logging_mixin.py:188} INFO - [2025-08-01T15:41:39.167+0000] {dagbag.py:545} INFO - Filling up the DagBag from /opt/airflow/dags/ml_pipeline.py
[2025-08-01T15:41:40.347+0000] {processor.py:840} INFO - DAG(s) 'ml_pipeline' retrieved from /opt/airflow/dags/ml_pipeline.py
[2025-08-01T15:41:40.370+0000] {logging_mixin.py:188} INFO - [2025-08-01T15:41:40.369+0000] {dag.py:3089} INFO - Sync 1 DAGs
[2025-08-01T15:41:40.380+0000] {logging_mixin.py:188} INFO - [2025-08-01T15:41:40.380+0000] {dag.py:3947} INFO - Setting next_dagrun for ml_pipeline to None, run_after=None
[2025-08-01T15:41:40.399+0000] {processor.py:183} INFO - Processing /opt/airflow/dags/ml_pipeline.py took 1.244 seconds
[2025-08-01T15:42:10.554+0000] {processor.py:161} INFO - Started process (PID=229) to work on /opt/airflow/dags/ml_pipeline.py
[2025-08-01T15:42:10.555+0000] {processor.py:830} INFO - Processing file /opt/airflow/dags/ml_pipeline.py for tasks to queue
[2025-08-01T15:42:10.558+0000] {logging_mixin.py:188} INFO - [2025-08-01T15:42:10.557+0000] {dagbag.py:545} INFO - Filling up the DagBag from /opt/airflow/dags/ml_pipeline.py
[2025-08-01T15:42:11.762+0000] {processor.py:840} INFO - DAG(s) 'ml_pipeline' retrieved from /opt/airflow/dags/ml_pipeline.py
[2025-08-01T15:42:11.785+0000] {logging_mixin.py:188} INFO - [2025-08-01T15:42:11.785+0000] {dag.py:3089} INFO - Sync 1 DAGs
[2025-08-01T15:42:11.799+0000] {logging_mixin.py:188} INFO - [2025-08-01T15:42:11.799+0000] {dag.py:3947} INFO - Setting next_dagrun for ml_pipeline to None, run_after=None
[2025-08-01T15:42:11.848+0000] {processor.py:183} INFO - Processing /opt/airflow/dags/ml_pipeline.py took 1.302 seconds
[2025-08-01T15:42:42.024+0000] {processor.py:161} INFO - Started process (PID=242) to work on /opt/airflow/dags/ml_pipeline.py
[2025-08-01T15:42:42.026+0000] {processor.py:830} INFO - Processing file /opt/airflow/dags/ml_pipeline.py for tasks to queue
[2025-08-01T15:42:42.028+0000] {logging_mixin.py:188} INFO - [2025-08-01T15:42:42.028+0000] {dagbag.py:545} INFO - Filling up the DagBag from /opt/airflow/dags/ml_pipeline.py
[2025-08-01T15:42:43.267+0000] {processor.py:840} INFO - DAG(s) 'ml_pipeline' retrieved from /opt/airflow/dags/ml_pipeline.py
[2025-08-01T15:42:43.289+0000] {logging_mixin.py:188} INFO - [2025-08-01T15:42:43.288+0000] {dag.py:3089} INFO - Sync 1 DAGs
[2025-08-01T15:42:43.301+0000] {logging_mixin.py:188} INFO - [2025-08-01T15:42:43.300+0000] {dag.py:3947} INFO - Setting next_dagrun for ml_pipeline to None, run_after=None
[2025-08-01T15:42:43.331+0000] {processor.py:183} INFO - Processing /opt/airflow/dags/ml_pipeline.py took 1.315 seconds
[2025-08-01T15:43:13.505+0000] {processor.py:161} INFO - Started process (PID=255) to work on /opt/airflow/dags/ml_pipeline.py
[2025-08-01T15:43:13.506+0000] {processor.py:830} INFO - Processing file /opt/airflow/dags/ml_pipeline.py for tasks to queue
[2025-08-01T15:43:13.508+0000] {logging_mixin.py:188} INFO - [2025-08-01T15:43:13.508+0000] {dagbag.py:545} INFO - Filling up the DagBag from /opt/airflow/dags/ml_pipeline.py
[2025-08-01T15:43:14.725+0000] {processor.py:840} INFO - DAG(s) 'ml_pipeline' retrieved from /opt/airflow/dags/ml_pipeline.py
[2025-08-01T15:43:14.751+0000] {logging_mixin.py:188} INFO - [2025-08-01T15:43:14.751+0000] {dag.py:3089} INFO - Sync 1 DAGs
[2025-08-01T15:43:14.766+0000] {logging_mixin.py:188} INFO - [2025-08-01T15:43:14.766+0000] {dag.py:3947} INFO - Setting next_dagrun for ml_pipeline to None, run_after=None
[2025-08-01T15:43:14.801+0000] {processor.py:183} INFO - Processing /opt/airflow/dags/ml_pipeline.py took 1.305 seconds
[2025-08-01T15:43:45.008+0000] {processor.py:161} INFO - Started process (PID=268) to work on /opt/airflow/dags/ml_pipeline.py
[2025-08-01T15:43:45.009+0000] {processor.py:830} INFO - Processing file /opt/airflow/dags/ml_pipeline.py for tasks to queue
[2025-08-01T15:43:45.014+0000] {logging_mixin.py:188} INFO - [2025-08-01T15:43:45.014+0000] {dagbag.py:545} INFO - Filling up the DagBag from /opt/airflow/dags/ml_pipeline.py
[2025-08-01T15:43:46.350+0000] {processor.py:840} INFO - DAG(s) 'ml_pipeline' retrieved from /opt/airflow/dags/ml_pipeline.py
[2025-08-01T15:43:46.375+0000] {logging_mixin.py:188} INFO - [2025-08-01T15:43:46.374+0000] {dag.py:3089} INFO - Sync 1 DAGs
[2025-08-01T15:43:46.389+0000] {logging_mixin.py:188} INFO - [2025-08-01T15:43:46.389+0000] {dag.py:3947} INFO - Setting next_dagrun for ml_pipeline to None, run_after=None
[2025-08-01T15:43:46.412+0000] {processor.py:183} INFO - Processing /opt/airflow/dags/ml_pipeline.py took 1.410 seconds
[2025-08-01T15:44:16.704+0000] {processor.py:161} INFO - Started process (PID=281) to work on /opt/airflow/dags/ml_pipeline.py
[2025-08-01T15:44:16.705+0000] {processor.py:830} INFO - Processing file /opt/airflow/dags/ml_pipeline.py for tasks to queue
[2025-08-01T15:44:16.707+0000] {logging_mixin.py:188} INFO - [2025-08-01T15:44:16.707+0000] {dagbag.py:545} INFO - Filling up the DagBag from /opt/airflow/dags/ml_pipeline.py
[2025-08-01T15:44:17.956+0000] {processor.py:840} INFO - DAG(s) 'ml_pipeline' retrieved from /opt/airflow/dags/ml_pipeline.py
[2025-08-01T15:44:17.985+0000] {logging_mixin.py:188} INFO - [2025-08-01T15:44:17.984+0000] {dag.py:3089} INFO - Sync 1 DAGs
[2025-08-01T15:44:17.998+0000] {logging_mixin.py:188} INFO - [2025-08-01T15:44:17.998+0000] {dag.py:3947} INFO - Setting next_dagrun for ml_pipeline to None, run_after=None
[2025-08-01T15:44:18.027+0000] {processor.py:183} INFO - Processing /opt/airflow/dags/ml_pipeline.py took 1.329 seconds
[2025-08-01T15:44:48.407+0000] {processor.py:161} INFO - Started process (PID=294) to work on /opt/airflow/dags/ml_pipeline.py
[2025-08-01T15:44:48.408+0000] {processor.py:830} INFO - Processing file /opt/airflow/dags/ml_pipeline.py for tasks to queue
[2025-08-01T15:44:48.410+0000] {logging_mixin.py:188} INFO - [2025-08-01T15:44:48.409+0000] {dagbag.py:545} INFO - Filling up the DagBag from /opt/airflow/dags/ml_pipeline.py
[2025-08-01T15:44:49.571+0000] {processor.py:840} INFO - DAG(s) 'ml_pipeline' retrieved from /opt/airflow/dags/ml_pipeline.py
[2025-08-01T15:44:49.591+0000] {logging_mixin.py:188} INFO - [2025-08-01T15:44:49.591+0000] {dag.py:3089} INFO - Sync 1 DAGs
[2025-08-01T15:44:49.608+0000] {logging_mixin.py:188} INFO - [2025-08-01T15:44:49.607+0000] {dag.py:3947} INFO - Setting next_dagrun for ml_pipeline to None, run_after=None
[2025-08-01T15:44:49.638+0000] {processor.py:183} INFO - Processing /opt/airflow/dags/ml_pipeline.py took 1.238 seconds
[2025-08-01T15:45:19.779+0000] {processor.py:161} INFO - Started process (PID=307) to work on /opt/airflow/dags/ml_pipeline.py
[2025-08-01T15:45:19.780+0000] {processor.py:830} INFO - Processing file /opt/airflow/dags/ml_pipeline.py for tasks to queue
[2025-08-01T15:45:19.783+0000] {logging_mixin.py:188} INFO - [2025-08-01T15:45:19.783+0000] {dagbag.py:545} INFO - Filling up the DagBag from /opt/airflow/dags/ml_pipeline.py
[2025-08-01T15:45:20.960+0000] {processor.py:840} INFO - DAG(s) 'ml_pipeline' retrieved from /opt/airflow/dags/ml_pipeline.py
[2025-08-01T15:45:20.985+0000] {logging_mixin.py:188} INFO - [2025-08-01T15:45:20.985+0000] {dag.py:3089} INFO - Sync 1 DAGs
[2025-08-01T15:45:20.997+0000] {logging_mixin.py:188} INFO - [2025-08-01T15:45:20.997+0000] {dag.py:3947} INFO - Setting next_dagrun for ml_pipeline to None, run_after=None
[2025-08-01T15:45:21.027+0000] {processor.py:183} INFO - Processing /opt/airflow/dags/ml_pipeline.py took 1.256 seconds
[2025-08-01T15:45:51.113+0000] {processor.py:161} INFO - Started process (PID=320) to work on /opt/airflow/dags/ml_pipeline.py
[2025-08-01T15:45:51.114+0000] {processor.py:830} INFO - Processing file /opt/airflow/dags/ml_pipeline.py for tasks to queue
[2025-08-01T15:45:51.116+0000] {logging_mixin.py:188} INFO - [2025-08-01T15:45:51.116+0000] {dagbag.py:545} INFO - Filling up the DagBag from /opt/airflow/dags/ml_pipeline.py
[2025-08-01T15:45:52.228+0000] {processor.py:840} INFO - DAG(s) 'ml_pipeline' retrieved from /opt/airflow/dags/ml_pipeline.py
[2025-08-01T15:45:52.249+0000] {logging_mixin.py:188} INFO - [2025-08-01T15:45:52.249+0000] {dag.py:3089} INFO - Sync 1 DAGs
[2025-08-01T15:45:52.260+0000] {logging_mixin.py:188} INFO - [2025-08-01T15:45:52.260+0000] {dag.py:3947} INFO - Setting next_dagrun for ml_pipeline to None, run_after=None
[2025-08-01T15:45:52.281+0000] {processor.py:183} INFO - Processing /opt/airflow/dags/ml_pipeline.py took 1.175 seconds
[2025-08-01T15:46:22.367+0000] {processor.py:161} INFO - Started process (PID=333) to work on /opt/airflow/dags/ml_pipeline.py
[2025-08-01T15:46:22.368+0000] {processor.py:830} INFO - Processing file /opt/airflow/dags/ml_pipeline.py for tasks to queue
[2025-08-01T15:46:22.371+0000] {logging_mixin.py:188} INFO - [2025-08-01T15:46:22.371+0000] {dagbag.py:545} INFO - Filling up the DagBag from /opt/airflow/dags/ml_pipeline.py
[2025-08-01T15:46:23.594+0000] {processor.py:840} INFO - DAG(s) 'ml_pipeline' retrieved from /opt/airflow/dags/ml_pipeline.py
[2025-08-01T15:46:23.616+0000] {logging_mixin.py:188} INFO - [2025-08-01T15:46:23.615+0000] {dag.py:3089} INFO - Sync 1 DAGs
[2025-08-01T15:46:23.630+0000] {logging_mixin.py:188} INFO - [2025-08-01T15:46:23.629+0000] {dag.py:3947} INFO - Setting next_dagrun for ml_pipeline to None, run_after=None
[2025-08-01T15:46:23.659+0000] {processor.py:183} INFO - Processing /opt/airflow/dags/ml_pipeline.py took 1.300 seconds
[2025-08-01T15:46:53.906+0000] {processor.py:161} INFO - Started process (PID=346) to work on /opt/airflow/dags/ml_pipeline.py
[2025-08-01T15:46:53.908+0000] {processor.py:830} INFO - Processing file /opt/airflow/dags/ml_pipeline.py for tasks to queue
[2025-08-01T15:46:53.911+0000] {logging_mixin.py:188} INFO - [2025-08-01T15:46:53.910+0000] {dagbag.py:545} INFO - Filling up the DagBag from /opt/airflow/dags/ml_pipeline.py
[2025-08-01T15:46:55.148+0000] {processor.py:840} INFO - DAG(s) 'ml_pipeline' retrieved from /opt/airflow/dags/ml_pipeline.py
[2025-08-01T15:46:55.169+0000] {logging_mixin.py:188} INFO - [2025-08-01T15:46:55.168+0000] {dag.py:3089} INFO - Sync 1 DAGs
[2025-08-01T15:46:55.182+0000] {logging_mixin.py:188} INFO - [2025-08-01T15:46:55.181+0000] {dag.py:3947} INFO - Setting next_dagrun for ml_pipeline to None, run_after=None
[2025-08-01T15:46:55.210+0000] {processor.py:183} INFO - Processing /opt/airflow/dags/ml_pipeline.py took 1.311 seconds
[2025-08-01T15:47:25.503+0000] {processor.py:161} INFO - Started process (PID=359) to work on /opt/airflow/dags/ml_pipeline.py
[2025-08-01T15:47:25.504+0000] {processor.py:830} INFO - Processing file /opt/airflow/dags/ml_pipeline.py for tasks to queue
[2025-08-01T15:47:25.506+0000] {logging_mixin.py:188} INFO - [2025-08-01T15:47:25.506+0000] {dagbag.py:545} INFO - Filling up the DagBag from /opt/airflow/dags/ml_pipeline.py
[2025-08-01T15:47:26.710+0000] {processor.py:840} INFO - DAG(s) 'ml_pipeline' retrieved from /opt/airflow/dags/ml_pipeline.py
[2025-08-01T15:47:26.734+0000] {logging_mixin.py:188} INFO - [2025-08-01T15:47:26.734+0000] {dag.py:3089} INFO - Sync 1 DAGs
[2025-08-01T15:47:26.745+0000] {logging_mixin.py:188} INFO - [2025-08-01T15:47:26.745+0000] {dag.py:3947} INFO - Setting next_dagrun for ml_pipeline to None, run_after=None
[2025-08-01T15:47:26.776+0000] {processor.py:183} INFO - Processing /opt/airflow/dags/ml_pipeline.py took 1.280 seconds
[2025-08-01T15:47:50.176+0000] {processor.py:161} INFO - Started process (PID=180) to work on /opt/airflow/dags/ml_pipeline.py
[2025-08-01T15:47:50.177+0000] {processor.py:830} INFO - Processing file /opt/airflow/dags/ml_pipeline.py for tasks to queue
[2025-08-01T15:47:50.180+0000] {logging_mixin.py:188} INFO - [2025-08-01T15:47:50.179+0000] {dagbag.py:545} INFO - Filling up the DagBag from /opt/airflow/dags/ml_pipeline.py
[2025-08-01T15:47:51.389+0000] {processor.py:840} INFO - DAG(s) 'ml_pipeline' retrieved from /opt/airflow/dags/ml_pipeline.py
[2025-08-01T15:47:51.413+0000] {logging_mixin.py:188} INFO - [2025-08-01T15:47:51.413+0000] {dag.py:3089} INFO - Sync 1 DAGs
[2025-08-01T15:47:51.425+0000] {logging_mixin.py:188} INFO - [2025-08-01T15:47:51.424+0000] {dag.py:3947} INFO - Setting next_dagrun for ml_pipeline to None, run_after=None
[2025-08-01T15:47:51.448+0000] {processor.py:183} INFO - Processing /opt/airflow/dags/ml_pipeline.py took 1.277 seconds
[2025-08-01T15:48:21.802+0000] {processor.py:161} INFO - Started process (PID=213) to work on /opt/airflow/dags/ml_pipeline.py
[2025-08-01T15:48:21.804+0000] {processor.py:830} INFO - Processing file /opt/airflow/dags/ml_pipeline.py for tasks to queue
[2025-08-01T15:48:21.808+0000] {logging_mixin.py:188} INFO - [2025-08-01T15:48:21.807+0000] {dagbag.py:545} INFO - Filling up the DagBag from /opt/airflow/dags/ml_pipeline.py
[2025-08-01T15:48:22.880+0000] {processor.py:840} INFO - DAG(s) 'ml_pipeline' retrieved from /opt/airflow/dags/ml_pipeline.py
[2025-08-01T15:48:22.975+0000] {logging_mixin.py:188} INFO - [2025-08-01T15:48:22.975+0000] {dag.py:3089} INFO - Sync 1 DAGs
[2025-08-01T15:48:22.985+0000] {logging_mixin.py:188} INFO - [2025-08-01T15:48:22.985+0000] {dag.py:3947} INFO - Setting next_dagrun for ml_pipeline to None, run_after=None
[2025-08-01T15:48:23.006+0000] {processor.py:183} INFO - Processing /opt/airflow/dags/ml_pipeline.py took 1.216 seconds
[2025-08-01T15:48:53.295+0000] {processor.py:161} INFO - Started process (PID=226) to work on /opt/airflow/dags/ml_pipeline.py
[2025-08-01T15:48:53.295+0000] {processor.py:830} INFO - Processing file /opt/airflow/dags/ml_pipeline.py for tasks to queue
[2025-08-01T15:48:53.297+0000] {logging_mixin.py:188} INFO - [2025-08-01T15:48:53.297+0000] {dagbag.py:545} INFO - Filling up the DagBag from /opt/airflow/dags/ml_pipeline.py
[2025-08-01T15:48:54.397+0000] {processor.py:840} INFO - DAG(s) 'ml_pipeline' retrieved from /opt/airflow/dags/ml_pipeline.py
[2025-08-01T15:48:54.419+0000] {logging_mixin.py:188} INFO - [2025-08-01T15:48:54.418+0000] {dag.py:3089} INFO - Sync 1 DAGs
[2025-08-01T15:48:54.429+0000] {logging_mixin.py:188} INFO - [2025-08-01T15:48:54.428+0000] {dag.py:3947} INFO - Setting next_dagrun for ml_pipeline to None, run_after=None
[2025-08-01T15:48:54.456+0000] {processor.py:183} INFO - Processing /opt/airflow/dags/ml_pipeline.py took 1.167 seconds
[2025-08-01T15:49:24.633+0000] {processor.py:161} INFO - Started process (PID=239) to work on /opt/airflow/dags/ml_pipeline.py
[2025-08-01T15:49:24.633+0000] {processor.py:830} INFO - Processing file /opt/airflow/dags/ml_pipeline.py for tasks to queue
[2025-08-01T15:49:24.635+0000] {logging_mixin.py:188} INFO - [2025-08-01T15:49:24.635+0000] {dagbag.py:545} INFO - Filling up the DagBag from /opt/airflow/dags/ml_pipeline.py
[2025-08-01T15:49:25.846+0000] {processor.py:840} INFO - DAG(s) 'ml_pipeline' retrieved from /opt/airflow/dags/ml_pipeline.py
[2025-08-01T15:49:25.867+0000] {logging_mixin.py:188} INFO - [2025-08-01T15:49:25.866+0000] {dag.py:3089} INFO - Sync 1 DAGs
[2025-08-01T15:49:25.878+0000] {logging_mixin.py:188} INFO - [2025-08-01T15:49:25.878+0000] {dag.py:3947} INFO - Setting next_dagrun for ml_pipeline to None, run_after=None
[2025-08-01T15:49:25.898+0000] {processor.py:183} INFO - Processing /opt/airflow/dags/ml_pipeline.py took 1.272 seconds
[2025-08-01T15:50:10.402+0000] {processor.py:161} INFO - Started process (PID=180) to work on /opt/airflow/dags/ml_pipeline.py
[2025-08-01T15:50:10.403+0000] {processor.py:830} INFO - Processing file /opt/airflow/dags/ml_pipeline.py for tasks to queue
[2025-08-01T15:50:10.406+0000] {logging_mixin.py:188} INFO - [2025-08-01T15:50:10.405+0000] {dagbag.py:545} INFO - Filling up the DagBag from /opt/airflow/dags/ml_pipeline.py
[2025-08-01T15:50:12.549+0000] {processor.py:840} INFO - DAG(s) 'ml_pipeline' retrieved from /opt/airflow/dags/ml_pipeline.py
[2025-08-01T15:50:12.611+0000] {logging_mixin.py:188} INFO - [2025-08-01T15:50:12.610+0000] {dag.py:3089} INFO - Sync 1 DAGs
[2025-08-01T15:50:12.629+0000] {logging_mixin.py:188} INFO - [2025-08-01T15:50:12.629+0000] {dag.py:3947} INFO - Setting next_dagrun for ml_pipeline to None, run_after=None
[2025-08-01T15:50:12.659+0000] {processor.py:183} INFO - Processing /opt/airflow/dags/ml_pipeline.py took 2.268 seconds
[2025-08-01T15:50:42.902+0000] {processor.py:161} INFO - Started process (PID=213) to work on /opt/airflow/dags/ml_pipeline.py
[2025-08-01T15:50:42.904+0000] {processor.py:830} INFO - Processing file /opt/airflow/dags/ml_pipeline.py for tasks to queue
[2025-08-01T15:50:42.907+0000] {logging_mixin.py:188} INFO - [2025-08-01T15:50:42.906+0000] {dagbag.py:545} INFO - Filling up the DagBag from /opt/airflow/dags/ml_pipeline.py
[2025-08-01T15:50:44.987+0000] {processor.py:840} INFO - DAG(s) 'ml_pipeline' retrieved from /opt/airflow/dags/ml_pipeline.py
[2025-08-01T15:50:45.144+0000] {logging_mixin.py:188} INFO - [2025-08-01T15:50:45.143+0000] {dag.py:3089} INFO - Sync 1 DAGs
[2025-08-01T15:50:45.157+0000] {logging_mixin.py:188} INFO - [2025-08-01T15:50:45.157+0000] {dag.py:3947} INFO - Setting next_dagrun for ml_pipeline to None, run_after=None
[2025-08-01T15:50:45.190+0000] {processor.py:183} INFO - Processing /opt/airflow/dags/ml_pipeline.py took 2.295 seconds
[2025-08-01T15:51:15.489+0000] {processor.py:161} INFO - Started process (PID=226) to work on /opt/airflow/dags/ml_pipeline.py
[2025-08-01T15:51:15.491+0000] {processor.py:830} INFO - Processing file /opt/airflow/dags/ml_pipeline.py for tasks to queue
[2025-08-01T15:51:15.493+0000] {logging_mixin.py:188} INFO - [2025-08-01T15:51:15.493+0000] {dagbag.py:545} INFO - Filling up the DagBag from /opt/airflow/dags/ml_pipeline.py
[2025-08-01T15:51:16.819+0000] {processor.py:840} INFO - DAG(s) 'ml_pipeline' retrieved from /opt/airflow/dags/ml_pipeline.py
[2025-08-01T15:51:16.850+0000] {logging_mixin.py:188} INFO - [2025-08-01T15:51:16.849+0000] {dag.py:3089} INFO - Sync 1 DAGs
[2025-08-01T15:51:16.865+0000] {logging_mixin.py:188} INFO - [2025-08-01T15:51:16.865+0000] {dag.py:3947} INFO - Setting next_dagrun for ml_pipeline to None, run_after=None
[2025-08-01T15:51:16.890+0000] {processor.py:183} INFO - Processing /opt/airflow/dags/ml_pipeline.py took 1.409 seconds
[2025-08-01T15:51:32.168+0000] {processor.py:161} INFO - Started process (PID=180) to work on /opt/airflow/dags/ml_pipeline.py
[2025-08-01T15:51:32.170+0000] {processor.py:830} INFO - Processing file /opt/airflow/dags/ml_pipeline.py for tasks to queue
[2025-08-01T15:51:32.173+0000] {logging_mixin.py:188} INFO - [2025-08-01T15:51:32.172+0000] {dagbag.py:545} INFO - Filling up the DagBag from /opt/airflow/dags/ml_pipeline.py
[2025-08-01T15:51:33.847+0000] {processor.py:840} INFO - DAG(s) 'ml_pipeline' retrieved from /opt/airflow/dags/ml_pipeline.py
[2025-08-01T15:51:33.892+0000] {logging_mixin.py:188} INFO - [2025-08-01T15:51:33.891+0000] {dag.py:3089} INFO - Sync 1 DAGs
[2025-08-01T15:51:33.907+0000] {logging_mixin.py:188} INFO - [2025-08-01T15:51:33.907+0000] {dag.py:3947} INFO - Setting next_dagrun for ml_pipeline to None, run_after=None
[2025-08-01T15:51:33.931+0000] {processor.py:183} INFO - Processing /opt/airflow/dags/ml_pipeline.py took 1.772 seconds
[2025-08-01T15:52:04.214+0000] {processor.py:161} INFO - Started process (PID=193) to work on /opt/airflow/dags/ml_pipeline.py
[2025-08-01T15:52:04.215+0000] {processor.py:830} INFO - Processing file /opt/airflow/dags/ml_pipeline.py for tasks to queue
[2025-08-01T15:52:04.217+0000] {logging_mixin.py:188} INFO - [2025-08-01T15:52:04.216+0000] {dagbag.py:545} INFO - Filling up the DagBag from /opt/airflow/dags/ml_pipeline.py
[2025-08-01T15:52:05.279+0000] {processor.py:840} INFO - DAG(s) 'ml_pipeline' retrieved from /opt/airflow/dags/ml_pipeline.py
[2025-08-01T15:52:05.289+0000] {logging_mixin.py:188} INFO - [2025-08-01T15:52:05.289+0000] {dag.py:3089} INFO - Sync 1 DAGs
[2025-08-01T15:52:05.301+0000] {logging_mixin.py:188} INFO - [2025-08-01T15:52:05.301+0000] {dag.py:3947} INFO - Setting next_dagrun for ml_pipeline to None, run_after=None
[2025-08-01T15:52:05.319+0000] {processor.py:183} INFO - Processing /opt/airflow/dags/ml_pipeline.py took 1.111 seconds
[2025-08-01T15:52:35.502+0000] {processor.py:161} INFO - Started process (PID=233) to work on /opt/airflow/dags/ml_pipeline.py
[2025-08-01T15:52:35.504+0000] {processor.py:830} INFO - Processing file /opt/airflow/dags/ml_pipeline.py for tasks to queue
[2025-08-01T15:52:35.506+0000] {logging_mixin.py:188} INFO - [2025-08-01T15:52:35.506+0000] {dagbag.py:545} INFO - Filling up the DagBag from /opt/airflow/dags/ml_pipeline.py
[2025-08-01T15:52:37.001+0000] {processor.py:840} INFO - DAG(s) 'ml_pipeline' retrieved from /opt/airflow/dags/ml_pipeline.py
[2025-08-01T15:52:37.118+0000] {logging_mixin.py:188} INFO - [2025-08-01T15:52:37.117+0000] {dag.py:3089} INFO - Sync 1 DAGs
[2025-08-01T15:52:37.132+0000] {logging_mixin.py:188} INFO - [2025-08-01T15:52:37.132+0000] {dag.py:3947} INFO - Setting next_dagrun for ml_pipeline to None, run_after=None
[2025-08-01T15:52:37.158+0000] {processor.py:183} INFO - Processing /opt/airflow/dags/ml_pipeline.py took 1.668 seconds
[2025-08-01T15:53:07.585+0000] {processor.py:161} INFO - Started process (PID=256) to work on /opt/airflow/dags/ml_pipeline.py
[2025-08-01T15:53:07.586+0000] {processor.py:830} INFO - Processing file /opt/airflow/dags/ml_pipeline.py for tasks to queue
[2025-08-01T15:53:07.588+0000] {logging_mixin.py:188} INFO - [2025-08-01T15:53:07.587+0000] {dagbag.py:545} INFO - Filling up the DagBag from /opt/airflow/dags/ml_pipeline.py
[2025-08-01T15:53:08.679+0000] {processor.py:840} INFO - DAG(s) 'ml_pipeline' retrieved from /opt/airflow/dags/ml_pipeline.py
[2025-08-01T15:53:08.699+0000] {logging_mixin.py:188} INFO - [2025-08-01T15:53:08.699+0000] {dag.py:3089} INFO - Sync 1 DAGs
[2025-08-01T15:53:08.710+0000] {logging_mixin.py:188} INFO - [2025-08-01T15:53:08.710+0000] {dag.py:3947} INFO - Setting next_dagrun for ml_pipeline to None, run_after=None
[2025-08-01T15:53:08.729+0000] {processor.py:183} INFO - Processing /opt/airflow/dags/ml_pipeline.py took 1.150 seconds
[2025-08-01T15:53:38.874+0000] {processor.py:161} INFO - Started process (PID=269) to work on /opt/airflow/dags/ml_pipeline.py
[2025-08-01T15:53:38.875+0000] {processor.py:830} INFO - Processing file /opt/airflow/dags/ml_pipeline.py for tasks to queue
[2025-08-01T15:53:38.877+0000] {logging_mixin.py:188} INFO - [2025-08-01T15:53:38.877+0000] {dagbag.py:545} INFO - Filling up the DagBag from /opt/airflow/dags/ml_pipeline.py
[2025-08-01T15:53:40.077+0000] {processor.py:840} INFO - DAG(s) 'ml_pipeline' retrieved from /opt/airflow/dags/ml_pipeline.py
[2025-08-01T15:53:40.098+0000] {logging_mixin.py:188} INFO - [2025-08-01T15:53:40.098+0000] {dag.py:3089} INFO - Sync 1 DAGs
[2025-08-01T15:53:40.110+0000] {logging_mixin.py:188} INFO - [2025-08-01T15:53:40.109+0000] {dag.py:3947} INFO - Setting next_dagrun for ml_pipeline to None, run_after=None
[2025-08-01T15:53:40.132+0000] {processor.py:183} INFO - Processing /opt/airflow/dags/ml_pipeline.py took 1.265 seconds
[2025-08-01T15:54:10.225+0000] {processor.py:161} INFO - Started process (PID=282) to work on /opt/airflow/dags/ml_pipeline.py
[2025-08-01T15:54:10.226+0000] {processor.py:830} INFO - Processing file /opt/airflow/dags/ml_pipeline.py for tasks to queue
[2025-08-01T15:54:10.228+0000] {logging_mixin.py:188} INFO - [2025-08-01T15:54:10.227+0000] {dagbag.py:545} INFO - Filling up the DagBag from /opt/airflow/dags/ml_pipeline.py
[2025-08-01T15:54:11.796+0000] {processor.py:840} INFO - DAG(s) 'ml_pipeline' retrieved from /opt/airflow/dags/ml_pipeline.py
[2025-08-01T15:54:26.804+0000] {processor.py:161} INFO - Started process (PID=180) to work on /opt/airflow/dags/ml_pipeline.py
[2025-08-01T15:54:26.806+0000] {processor.py:830} INFO - Processing file /opt/airflow/dags/ml_pipeline.py for tasks to queue
[2025-08-01T15:54:26.809+0000] {logging_mixin.py:188} INFO - [2025-08-01T15:54:26.809+0000] {dagbag.py:545} INFO - Filling up the DagBag from /opt/airflow/dags/ml_pipeline.py
[2025-08-01T15:54:28.478+0000] {processor.py:840} INFO - DAG(s) 'ml_pipeline' retrieved from /opt/airflow/dags/ml_pipeline.py
[2025-08-01T15:54:28.508+0000] {logging_mixin.py:188} INFO - [2025-08-01T15:54:28.507+0000] {dag.py:3089} INFO - Sync 1 DAGs
[2025-08-01T15:54:28.523+0000] {logging_mixin.py:188} INFO - [2025-08-01T15:54:28.522+0000] {dag.py:3947} INFO - Setting next_dagrun for ml_pipeline to None, run_after=None
[2025-08-01T15:54:28.549+0000] {processor.py:183} INFO - Processing /opt/airflow/dags/ml_pipeline.py took 1.755 seconds
[2025-08-01T15:54:58.925+0000] {processor.py:161} INFO - Started process (PID=193) to work on /opt/airflow/dags/ml_pipeline.py
[2025-08-01T15:54:58.927+0000] {processor.py:830} INFO - Processing file /opt/airflow/dags/ml_pipeline.py for tasks to queue
[2025-08-01T15:54:58.929+0000] {logging_mixin.py:188} INFO - [2025-08-01T15:54:58.929+0000] {dagbag.py:545} INFO - Filling up the DagBag from /opt/airflow/dags/ml_pipeline.py
[2025-08-01T15:55:00.014+0000] {processor.py:840} INFO - DAG(s) 'ml_pipeline' retrieved from /opt/airflow/dags/ml_pipeline.py
[2025-08-01T15:55:00.101+0000] {logging_mixin.py:188} INFO - [2025-08-01T15:55:00.101+0000] {dag.py:3089} INFO - Sync 1 DAGs
[2025-08-01T15:55:00.109+0000] {logging_mixin.py:188} INFO - [2025-08-01T15:55:00.108+0000] {dag.py:3947} INFO - Setting next_dagrun for ml_pipeline to None, run_after=None
[2025-08-01T15:55:00.136+0000] {processor.py:183} INFO - Processing /opt/airflow/dags/ml_pipeline.py took 1.217 seconds
[2025-08-01T15:55:30.563+0000] {processor.py:161} INFO - Started process (PID=206) to work on /opt/airflow/dags/ml_pipeline.py
[2025-08-01T15:55:30.564+0000] {processor.py:830} INFO - Processing file /opt/airflow/dags/ml_pipeline.py for tasks to queue
[2025-08-01T15:55:30.566+0000] {logging_mixin.py:188} INFO - [2025-08-01T15:55:30.565+0000] {dagbag.py:545} INFO - Filling up the DagBag from /opt/airflow/dags/ml_pipeline.py
[2025-08-01T15:55:31.645+0000] {processor.py:840} INFO - DAG(s) 'ml_pipeline' retrieved from /opt/airflow/dags/ml_pipeline.py
[2025-08-01T15:55:31.667+0000] {logging_mixin.py:188} INFO - [2025-08-01T15:55:31.667+0000] {dag.py:3089} INFO - Sync 1 DAGs
[2025-08-01T15:55:31.677+0000] {logging_mixin.py:188} INFO - [2025-08-01T15:55:31.677+0000] {dag.py:3947} INFO - Setting next_dagrun for ml_pipeline to None, run_after=None
[2025-08-01T15:55:31.696+0000] {processor.py:183} INFO - Processing /opt/airflow/dags/ml_pipeline.py took 1.139 seconds
[2025-08-01T15:56:01.996+0000] {processor.py:161} INFO - Started process (PID=219) to work on /opt/airflow/dags/ml_pipeline.py
[2025-08-01T15:56:01.997+0000] {processor.py:830} INFO - Processing file /opt/airflow/dags/ml_pipeline.py for tasks to queue
[2025-08-01T15:56:01.999+0000] {logging_mixin.py:188} INFO - [2025-08-01T15:56:01.999+0000] {dagbag.py:545} INFO - Filling up the DagBag from /opt/airflow/dags/ml_pipeline.py
[2025-08-01T15:56:03.080+0000] {processor.py:840} INFO - DAG(s) 'ml_pipeline' retrieved from /opt/airflow/dags/ml_pipeline.py
[2025-08-01T15:56:03.101+0000] {logging_mixin.py:188} INFO - [2025-08-01T15:56:03.101+0000] {dag.py:3089} INFO - Sync 1 DAGs
[2025-08-01T15:56:03.112+0000] {logging_mixin.py:188} INFO - [2025-08-01T15:56:03.111+0000] {dag.py:3947} INFO - Setting next_dagrun for ml_pipeline to None, run_after=None
[2025-08-01T15:56:03.131+0000] {processor.py:183} INFO - Processing /opt/airflow/dags/ml_pipeline.py took 1.141 seconds
[2025-08-01T15:56:33.473+0000] {processor.py:161} INFO - Started process (PID=232) to work on /opt/airflow/dags/ml_pipeline.py
[2025-08-01T15:56:33.474+0000] {processor.py:830} INFO - Processing file /opt/airflow/dags/ml_pipeline.py for tasks to queue
[2025-08-01T15:56:33.477+0000] {logging_mixin.py:188} INFO - [2025-08-01T15:56:33.476+0000] {dagbag.py:545} INFO - Filling up the DagBag from /opt/airflow/dags/ml_pipeline.py
[2025-08-01T15:56:34.541+0000] {processor.py:840} INFO - DAG(s) 'ml_pipeline' retrieved from /opt/airflow/dags/ml_pipeline.py
[2025-08-01T15:56:34.562+0000] {logging_mixin.py:188} INFO - [2025-08-01T15:56:34.561+0000] {dag.py:3089} INFO - Sync 1 DAGs
[2025-08-01T15:56:34.572+0000] {logging_mixin.py:188} INFO - [2025-08-01T15:56:34.571+0000] {dag.py:3947} INFO - Setting next_dagrun for ml_pipeline to None, run_after=None
[2025-08-01T15:56:34.591+0000] {processor.py:183} INFO - Processing /opt/airflow/dags/ml_pipeline.py took 1.124 seconds
[2025-08-01T15:57:04.872+0000] {processor.py:161} INFO - Started process (PID=245) to work on /opt/airflow/dags/ml_pipeline.py
[2025-08-01T15:57:04.872+0000] {processor.py:830} INFO - Processing file /opt/airflow/dags/ml_pipeline.py for tasks to queue
[2025-08-01T15:57:04.874+0000] {logging_mixin.py:188} INFO - [2025-08-01T15:57:04.874+0000] {dagbag.py:545} INFO - Filling up the DagBag from /opt/airflow/dags/ml_pipeline.py
[2025-08-01T15:57:05.981+0000] {processor.py:840} INFO - DAG(s) 'ml_pipeline' retrieved from /opt/airflow/dags/ml_pipeline.py
[2025-08-01T15:57:06.001+0000] {logging_mixin.py:188} INFO - [2025-08-01T15:57:06.001+0000] {dag.py:3089} INFO - Sync 1 DAGs
[2025-08-01T15:57:06.012+0000] {logging_mixin.py:188} INFO - [2025-08-01T15:57:06.012+0000] {dag.py:3947} INFO - Setting next_dagrun for ml_pipeline to None, run_after=None
[2025-08-01T15:57:06.031+0000] {processor.py:183} INFO - Processing /opt/airflow/dags/ml_pipeline.py took 1.166 seconds
[2025-08-01T15:57:36.253+0000] {processor.py:161} INFO - Started process (PID=302) to work on /opt/airflow/dags/ml_pipeline.py
[2025-08-01T15:57:36.254+0000] {processor.py:830} INFO - Processing file /opt/airflow/dags/ml_pipeline.py for tasks to queue
[2025-08-01T15:57:36.256+0000] {logging_mixin.py:188} INFO - [2025-08-01T15:57:36.256+0000] {dagbag.py:545} INFO - Filling up the DagBag from /opt/airflow/dags/ml_pipeline.py
[2025-08-01T15:57:37.341+0000] {processor.py:840} INFO - DAG(s) 'ml_pipeline' retrieved from /opt/airflow/dags/ml_pipeline.py
[2025-08-01T15:57:37.361+0000] {logging_mixin.py:188} INFO - [2025-08-01T15:57:37.361+0000] {dag.py:3089} INFO - Sync 1 DAGs
[2025-08-01T15:57:37.370+0000] {logging_mixin.py:188} INFO - [2025-08-01T15:57:37.370+0000] {dag.py:3947} INFO - Setting next_dagrun for ml_pipeline to None, run_after=None
[2025-08-01T15:57:37.388+0000] {processor.py:183} INFO - Processing /opt/airflow/dags/ml_pipeline.py took 1.142 seconds
[2025-08-01T15:58:07.613+0000] {processor.py:161} INFO - Started process (PID=315) to work on /opt/airflow/dags/ml_pipeline.py
[2025-08-01T15:58:07.614+0000] {processor.py:830} INFO - Processing file /opt/airflow/dags/ml_pipeline.py for tasks to queue
[2025-08-01T15:58:07.616+0000] {logging_mixin.py:188} INFO - [2025-08-01T15:58:07.616+0000] {dagbag.py:545} INFO - Filling up the DagBag from /opt/airflow/dags/ml_pipeline.py
[2025-08-01T15:58:08.737+0000] {processor.py:840} INFO - DAG(s) 'ml_pipeline' retrieved from /opt/airflow/dags/ml_pipeline.py
[2025-08-01T15:58:08.758+0000] {logging_mixin.py:188} INFO - [2025-08-01T15:58:08.757+0000] {dag.py:3089} INFO - Sync 1 DAGs
[2025-08-01T15:58:08.769+0000] {logging_mixin.py:188} INFO - [2025-08-01T15:58:08.769+0000] {dag.py:3947} INFO - Setting next_dagrun for ml_pipeline to None, run_after=None
[2025-08-01T15:58:08.796+0000] {processor.py:183} INFO - Processing /opt/airflow/dags/ml_pipeline.py took 1.189 seconds
[2025-08-01T15:58:38.972+0000] {processor.py:161} INFO - Started process (PID=328) to work on /opt/airflow/dags/ml_pipeline.py
[2025-08-01T15:58:38.973+0000] {processor.py:830} INFO - Processing file /opt/airflow/dags/ml_pipeline.py for tasks to queue
[2025-08-01T15:58:38.975+0000] {logging_mixin.py:188} INFO - [2025-08-01T15:58:38.975+0000] {dagbag.py:545} INFO - Filling up the DagBag from /opt/airflow/dags/ml_pipeline.py
[2025-08-01T15:58:39.973+0000] {processor.py:840} INFO - DAG(s) 'ml_pipeline' retrieved from /opt/airflow/dags/ml_pipeline.py
[2025-08-01T15:58:39.993+0000] {logging_mixin.py:188} INFO - [2025-08-01T15:58:39.992+0000] {dag.py:3089} INFO - Sync 1 DAGs
[2025-08-01T15:58:40.002+0000] {logging_mixin.py:188} INFO - [2025-08-01T15:58:40.002+0000] {dag.py:3947} INFO - Setting next_dagrun for ml_pipeline to None, run_after=None
[2025-08-01T15:58:40.019+0000] {processor.py:183} INFO - Processing /opt/airflow/dags/ml_pipeline.py took 1.055 seconds
[2025-08-01T15:59:10.362+0000] {processor.py:161} INFO - Started process (PID=341) to work on /opt/airflow/dags/ml_pipeline.py
[2025-08-01T15:59:10.363+0000] {processor.py:830} INFO - Processing file /opt/airflow/dags/ml_pipeline.py for tasks to queue
[2025-08-01T15:59:10.366+0000] {logging_mixin.py:188} INFO - [2025-08-01T15:59:10.365+0000] {dagbag.py:545} INFO - Filling up the DagBag from /opt/airflow/dags/ml_pipeline.py
[2025-08-01T15:59:11.496+0000] {processor.py:840} INFO - DAG(s) 'ml_pipeline' retrieved from /opt/airflow/dags/ml_pipeline.py
[2025-08-01T15:59:11.520+0000] {logging_mixin.py:188} INFO - [2025-08-01T15:59:11.520+0000] {dag.py:3089} INFO - Sync 1 DAGs
[2025-08-01T15:59:11.538+0000] {logging_mixin.py:188} INFO - [2025-08-01T15:59:11.538+0000] {dag.py:3947} INFO - Setting next_dagrun for ml_pipeline to None, run_after=None
[2025-08-01T15:59:11.561+0000] {processor.py:183} INFO - Processing /opt/airflow/dags/ml_pipeline.py took 1.208 seconds
[2025-08-01T15:59:41.724+0000] {processor.py:161} INFO - Started process (PID=354) to work on /opt/airflow/dags/ml_pipeline.py
[2025-08-01T15:59:41.725+0000] {processor.py:830} INFO - Processing file /opt/airflow/dags/ml_pipeline.py for tasks to queue
[2025-08-01T15:59:41.727+0000] {logging_mixin.py:188} INFO - [2025-08-01T15:59:41.727+0000] {dagbag.py:545} INFO - Filling up the DagBag from /opt/airflow/dags/ml_pipeline.py
[2025-08-01T15:59:42.829+0000] {processor.py:840} INFO - DAG(s) 'ml_pipeline' retrieved from /opt/airflow/dags/ml_pipeline.py
[2025-08-01T15:59:42.849+0000] {logging_mixin.py:188} INFO - [2025-08-01T15:59:42.848+0000] {dag.py:3089} INFO - Sync 1 DAGs
[2025-08-01T15:59:42.858+0000] {logging_mixin.py:188} INFO - [2025-08-01T15:59:42.858+0000] {dag.py:3947} INFO - Setting next_dagrun for ml_pipeline to None, run_after=None
[2025-08-01T15:59:42.878+0000] {processor.py:183} INFO - Processing /opt/airflow/dags/ml_pipeline.py took 1.160 seconds
[2025-08-01T16:00:12.936+0000] {processor.py:161} INFO - Started process (PID=367) to work on /opt/airflow/dags/ml_pipeline.py
[2025-08-01T16:00:12.937+0000] {processor.py:830} INFO - Processing file /opt/airflow/dags/ml_pipeline.py for tasks to queue
[2025-08-01T16:00:12.940+0000] {logging_mixin.py:188} INFO - [2025-08-01T16:00:12.939+0000] {dagbag.py:545} INFO - Filling up the DagBag from /opt/airflow/dags/ml_pipeline.py
[2025-08-01T16:00:14.193+0000] {processor.py:840} INFO - DAG(s) 'ml_pipeline' retrieved from /opt/airflow/dags/ml_pipeline.py
[2025-08-01T16:00:14.216+0000] {logging_mixin.py:188} INFO - [2025-08-01T16:00:14.216+0000] {dag.py:3089} INFO - Sync 1 DAGs
[2025-08-01T16:00:14.228+0000] {logging_mixin.py:188} INFO - [2025-08-01T16:00:14.228+0000] {dag.py:3947} INFO - Setting next_dagrun for ml_pipeline to None, run_after=None
[2025-08-01T16:00:14.248+0000] {processor.py:183} INFO - Processing /opt/airflow/dags/ml_pipeline.py took 1.318 seconds
[2025-08-01T16:00:44.489+0000] {processor.py:161} INFO - Started process (PID=380) to work on /opt/airflow/dags/ml_pipeline.py
[2025-08-01T16:00:44.490+0000] {processor.py:830} INFO - Processing file /opt/airflow/dags/ml_pipeline.py for tasks to queue
[2025-08-01T16:00:44.492+0000] {logging_mixin.py:188} INFO - [2025-08-01T16:00:44.492+0000] {dagbag.py:545} INFO - Filling up the DagBag from /opt/airflow/dags/ml_pipeline.py
[2025-08-01T16:00:45.596+0000] {processor.py:840} INFO - DAG(s) 'ml_pipeline' retrieved from /opt/airflow/dags/ml_pipeline.py
[2025-08-01T16:00:45.620+0000] {logging_mixin.py:188} INFO - [2025-08-01T16:00:45.620+0000] {dag.py:3089} INFO - Sync 1 DAGs
[2025-08-01T16:00:45.632+0000] {logging_mixin.py:188} INFO - [2025-08-01T16:00:45.632+0000] {dag.py:3947} INFO - Setting next_dagrun for ml_pipeline to None, run_after=None
[2025-08-01T16:00:45.653+0000] {processor.py:183} INFO - Processing /opt/airflow/dags/ml_pipeline.py took 1.171 seconds
[2025-08-01T16:01:15.801+0000] {processor.py:161} INFO - Started process (PID=393) to work on /opt/airflow/dags/ml_pipeline.py
[2025-08-01T16:01:15.802+0000] {processor.py:830} INFO - Processing file /opt/airflow/dags/ml_pipeline.py for tasks to queue
[2025-08-01T16:01:15.803+0000] {logging_mixin.py:188} INFO - [2025-08-01T16:01:15.803+0000] {dagbag.py:545} INFO - Filling up the DagBag from /opt/airflow/dags/ml_pipeline.py
[2025-08-01T16:01:16.904+0000] {processor.py:840} INFO - DAG(s) 'ml_pipeline' retrieved from /opt/airflow/dags/ml_pipeline.py
[2025-08-01T16:01:16.925+0000] {logging_mixin.py:188} INFO - [2025-08-01T16:01:16.924+0000] {dag.py:3089} INFO - Sync 1 DAGs
[2025-08-01T16:01:16.936+0000] {logging_mixin.py:188} INFO - [2025-08-01T16:01:16.935+0000] {dag.py:3947} INFO - Setting next_dagrun for ml_pipeline to None, run_after=None
[2025-08-01T16:01:16.956+0000] {processor.py:183} INFO - Processing /opt/airflow/dags/ml_pipeline.py took 1.161 seconds
[2025-08-01T16:01:47.268+0000] {processor.py:161} INFO - Started process (PID=406) to work on /opt/airflow/dags/ml_pipeline.py
[2025-08-01T16:01:47.269+0000] {processor.py:830} INFO - Processing file /opt/airflow/dags/ml_pipeline.py for tasks to queue
[2025-08-01T16:01:47.272+0000] {logging_mixin.py:188} INFO - [2025-08-01T16:01:47.271+0000] {dagbag.py:545} INFO - Filling up the DagBag from /opt/airflow/dags/ml_pipeline.py
[2025-08-01T16:01:48.571+0000] {processor.py:840} INFO - DAG(s) 'ml_pipeline' retrieved from /opt/airflow/dags/ml_pipeline.py
[2025-08-01T16:01:48.594+0000] {logging_mixin.py:188} INFO - [2025-08-01T16:01:48.594+0000] {dag.py:3089} INFO - Sync 1 DAGs
[2025-08-01T16:01:48.606+0000] {logging_mixin.py:188} INFO - [2025-08-01T16:01:48.606+0000] {dag.py:3947} INFO - Setting next_dagrun for ml_pipeline to None, run_after=None
[2025-08-01T16:01:48.644+0000] {processor.py:183} INFO - Processing /opt/airflow/dags/ml_pipeline.py took 1.382 seconds
[2025-08-01T16:02:18.955+0000] {processor.py:161} INFO - Started process (PID=419) to work on /opt/airflow/dags/ml_pipeline.py
[2025-08-01T16:02:18.957+0000] {processor.py:830} INFO - Processing file /opt/airflow/dags/ml_pipeline.py for tasks to queue
[2025-08-01T16:02:18.961+0000] {logging_mixin.py:188} INFO - [2025-08-01T16:02:18.960+0000] {dagbag.py:545} INFO - Filling up the DagBag from /opt/airflow/dags/ml_pipeline.py
[2025-08-01T16:02:20.206+0000] {processor.py:840} INFO - DAG(s) 'ml_pipeline' retrieved from /opt/airflow/dags/ml_pipeline.py
[2025-08-01T16:02:20.228+0000] {logging_mixin.py:188} INFO - [2025-08-01T16:02:20.227+0000] {dag.py:3089} INFO - Sync 1 DAGs
[2025-08-01T16:02:20.238+0000] {logging_mixin.py:188} INFO - [2025-08-01T16:02:20.238+0000] {dag.py:3947} INFO - Setting next_dagrun for ml_pipeline to None, run_after=None
[2025-08-01T16:02:20.265+0000] {processor.py:183} INFO - Processing /opt/airflow/dags/ml_pipeline.py took 1.318 seconds
[2025-08-01T16:02:50.571+0000] {processor.py:161} INFO - Started process (PID=432) to work on /opt/airflow/dags/ml_pipeline.py
[2025-08-01T16:02:50.572+0000] {processor.py:830} INFO - Processing file /opt/airflow/dags/ml_pipeline.py for tasks to queue
[2025-08-01T16:02:50.574+0000] {logging_mixin.py:188} INFO - [2025-08-01T16:02:50.574+0000] {dagbag.py:545} INFO - Filling up the DagBag from /opt/airflow/dags/ml_pipeline.py
[2025-08-01T16:02:51.695+0000] {processor.py:840} INFO - DAG(s) 'ml_pipeline' retrieved from /opt/airflow/dags/ml_pipeline.py
[2025-08-01T16:02:51.719+0000] {logging_mixin.py:188} INFO - [2025-08-01T16:02:51.718+0000] {dag.py:3089} INFO - Sync 1 DAGs
[2025-08-01T16:02:51.732+0000] {logging_mixin.py:188} INFO - [2025-08-01T16:02:51.732+0000] {dag.py:3947} INFO - Setting next_dagrun for ml_pipeline to None, run_after=None
[2025-08-01T16:02:51.760+0000] {processor.py:183} INFO - Processing /opt/airflow/dags/ml_pipeline.py took 1.195 seconds
[2025-08-01T16:03:22.019+0000] {processor.py:161} INFO - Started process (PID=445) to work on /opt/airflow/dags/ml_pipeline.py
[2025-08-01T16:03:22.021+0000] {processor.py:830} INFO - Processing file /opt/airflow/dags/ml_pipeline.py for tasks to queue
[2025-08-01T16:03:22.025+0000] {logging_mixin.py:188} INFO - [2025-08-01T16:03:22.024+0000] {dagbag.py:545} INFO - Filling up the DagBag from /opt/airflow/dags/ml_pipeline.py
[2025-08-01T16:03:24.523+0000] {processor.py:840} INFO - DAG(s) 'ml_pipeline' retrieved from /opt/airflow/dags/ml_pipeline.py
[2025-08-01T16:03:24.578+0000] {logging_mixin.py:188} INFO - [2025-08-01T16:03:24.577+0000] {dag.py:3089} INFO - Sync 1 DAGs
[2025-08-01T16:03:24.616+0000] {logging_mixin.py:188} INFO - [2025-08-01T16:03:24.616+0000] {dag.py:3947} INFO - Setting next_dagrun for ml_pipeline to None, run_after=None
[2025-08-01T16:03:24.670+0000] {processor.py:183} INFO - Processing /opt/airflow/dags/ml_pipeline.py took 2.664 seconds
[2025-08-01T16:03:54.999+0000] {processor.py:161} INFO - Started process (PID=458) to work on /opt/airflow/dags/ml_pipeline.py
[2025-08-01T16:03:55.004+0000] {processor.py:830} INFO - Processing file /opt/airflow/dags/ml_pipeline.py for tasks to queue
[2025-08-01T16:03:55.009+0000] {logging_mixin.py:188} INFO - [2025-08-01T16:03:55.008+0000] {dagbag.py:545} INFO - Filling up the DagBag from /opt/airflow/dags/ml_pipeline.py
[2025-08-01T16:03:57.684+0000] {processor.py:840} INFO - DAG(s) 'ml_pipeline' retrieved from /opt/airflow/dags/ml_pipeline.py
[2025-08-01T16:03:57.723+0000] {logging_mixin.py:188} INFO - [2025-08-01T16:03:57.722+0000] {dag.py:3089} INFO - Sync 1 DAGs
[2025-08-01T16:03:57.745+0000] {logging_mixin.py:188} INFO - [2025-08-01T16:03:57.745+0000] {dag.py:3947} INFO - Setting next_dagrun for ml_pipeline to None, run_after=None
[2025-08-01T16:03:57.777+0000] {processor.py:183} INFO - Processing /opt/airflow/dags/ml_pipeline.py took 2.791 seconds
[2025-08-01T16:04:28.162+0000] {processor.py:161} INFO - Started process (PID=471) to work on /opt/airflow/dags/ml_pipeline.py
[2025-08-01T16:04:28.164+0000] {processor.py:830} INFO - Processing file /opt/airflow/dags/ml_pipeline.py for tasks to queue
[2025-08-01T16:04:28.167+0000] {logging_mixin.py:188} INFO - [2025-08-01T16:04:28.166+0000] {dagbag.py:545} INFO - Filling up the DagBag from /opt/airflow/dags/ml_pipeline.py
[2025-08-01T16:04:29.291+0000] {processor.py:840} INFO - DAG(s) 'ml_pipeline' retrieved from /opt/airflow/dags/ml_pipeline.py
[2025-08-01T16:04:29.315+0000] {logging_mixin.py:188} INFO - [2025-08-01T16:04:29.314+0000] {dag.py:3089} INFO - Sync 1 DAGs
[2025-08-01T16:04:29.326+0000] {logging_mixin.py:188} INFO - [2025-08-01T16:04:29.326+0000] {dag.py:3947} INFO - Setting next_dagrun for ml_pipeline to None, run_after=None
[2025-08-01T16:04:29.355+0000] {processor.py:183} INFO - Processing /opt/airflow/dags/ml_pipeline.py took 1.200 seconds
[2025-08-01T16:04:59.609+0000] {processor.py:161} INFO - Started process (PID=484) to work on /opt/airflow/dags/ml_pipeline.py
[2025-08-01T16:04:59.611+0000] {processor.py:830} INFO - Processing file /opt/airflow/dags/ml_pipeline.py for tasks to queue
[2025-08-01T16:04:59.614+0000] {logging_mixin.py:188} INFO - [2025-08-01T16:04:59.613+0000] {dagbag.py:545} INFO - Filling up the DagBag from /opt/airflow/dags/ml_pipeline.py
[2025-08-01T16:05:01.155+0000] {processor.py:840} INFO - DAG(s) 'ml_pipeline' retrieved from /opt/airflow/dags/ml_pipeline.py
[2025-08-01T16:05:01.179+0000] {logging_mixin.py:188} INFO - [2025-08-01T16:05:01.178+0000] {dag.py:3089} INFO - Sync 1 DAGs
[2025-08-01T16:05:01.191+0000] {logging_mixin.py:188} INFO - [2025-08-01T16:05:01.191+0000] {dag.py:3947} INFO - Setting next_dagrun for ml_pipeline to None, run_after=None
[2025-08-01T16:05:01.213+0000] {processor.py:183} INFO - Processing /opt/airflow/dags/ml_pipeline.py took 1.614 seconds
[2025-08-01T16:05:31.589+0000] {processor.py:161} INFO - Started process (PID=497) to work on /opt/airflow/dags/ml_pipeline.py
[2025-08-01T16:05:31.590+0000] {processor.py:830} INFO - Processing file /opt/airflow/dags/ml_pipeline.py for tasks to queue
[2025-08-01T16:05:31.592+0000] {logging_mixin.py:188} INFO - [2025-08-01T16:05:31.592+0000] {dagbag.py:545} INFO - Filling up the DagBag from /opt/airflow/dags/ml_pipeline.py
[2025-08-01T16:05:32.749+0000] {processor.py:840} INFO - DAG(s) 'ml_pipeline' retrieved from /opt/airflow/dags/ml_pipeline.py
[2025-08-01T16:05:32.769+0000] {logging_mixin.py:188} INFO - [2025-08-01T16:05:32.769+0000] {dag.py:3089} INFO - Sync 1 DAGs
[2025-08-01T16:05:32.779+0000] {logging_mixin.py:188} INFO - [2025-08-01T16:05:32.778+0000] {dag.py:3947} INFO - Setting next_dagrun for ml_pipeline to None, run_after=None
[2025-08-01T16:05:32.804+0000] {processor.py:183} INFO - Processing /opt/airflow/dags/ml_pipeline.py took 1.222 seconds
[2025-08-01T16:06:03.006+0000] {processor.py:161} INFO - Started process (PID=510) to work on /opt/airflow/dags/ml_pipeline.py
[2025-08-01T16:06:03.007+0000] {processor.py:830} INFO - Processing file /opt/airflow/dags/ml_pipeline.py for tasks to queue
[2025-08-01T16:06:03.009+0000] {logging_mixin.py:188} INFO - [2025-08-01T16:06:03.009+0000] {dagbag.py:545} INFO - Filling up the DagBag from /opt/airflow/dags/ml_pipeline.py
[2025-08-01T16:06:04.549+0000] {processor.py:840} INFO - DAG(s) 'ml_pipeline' retrieved from /opt/airflow/dags/ml_pipeline.py
[2025-08-01T16:06:04.576+0000] {logging_mixin.py:188} INFO - [2025-08-01T16:06:04.576+0000] {dag.py:3089} INFO - Sync 1 DAGs
[2025-08-01T16:06:04.591+0000] {logging_mixin.py:188} INFO - [2025-08-01T16:06:04.590+0000] {dag.py:3947} INFO - Setting next_dagrun for ml_pipeline to None, run_after=None
[2025-08-01T16:06:04.612+0000] {processor.py:183} INFO - Processing /opt/airflow/dags/ml_pipeline.py took 1.614 seconds
[2025-08-01T16:06:34.822+0000] {processor.py:161} INFO - Started process (PID=523) to work on /opt/airflow/dags/ml_pipeline.py
[2025-08-01T16:06:34.823+0000] {processor.py:830} INFO - Processing file /opt/airflow/dags/ml_pipeline.py for tasks to queue
[2025-08-01T16:06:34.825+0000] {logging_mixin.py:188} INFO - [2025-08-01T16:06:34.825+0000] {dagbag.py:545} INFO - Filling up the DagBag from /opt/airflow/dags/ml_pipeline.py
[2025-08-01T16:06:36.425+0000] {processor.py:840} INFO - DAG(s) 'ml_pipeline' retrieved from /opt/airflow/dags/ml_pipeline.py
[2025-08-01T16:06:36.453+0000] {logging_mixin.py:188} INFO - [2025-08-01T16:06:36.452+0000] {dag.py:3089} INFO - Sync 1 DAGs
[2025-08-01T16:06:36.473+0000] {logging_mixin.py:188} INFO - [2025-08-01T16:06:36.473+0000] {dag.py:3947} INFO - Setting next_dagrun for ml_pipeline to None, run_after=None
[2025-08-01T16:06:36.496+0000] {processor.py:183} INFO - Processing /opt/airflow/dags/ml_pipeline.py took 1.685 seconds
[2025-08-01T16:07:06.685+0000] {processor.py:161} INFO - Started process (PID=536) to work on /opt/airflow/dags/ml_pipeline.py
[2025-08-01T16:07:06.687+0000] {processor.py:830} INFO - Processing file /opt/airflow/dags/ml_pipeline.py for tasks to queue
[2025-08-01T16:07:06.689+0000] {logging_mixin.py:188} INFO - [2025-08-01T16:07:06.689+0000] {dagbag.py:545} INFO - Filling up the DagBag from /opt/airflow/dags/ml_pipeline.py
[2025-08-01T16:07:08.169+0000] {processor.py:840} INFO - DAG(s) 'ml_pipeline' retrieved from /opt/airflow/dags/ml_pipeline.py
[2025-08-01T16:07:08.199+0000] {logging_mixin.py:188} INFO - [2025-08-01T16:07:08.198+0000] {dag.py:3089} INFO - Sync 1 DAGs
[2025-08-01T16:07:08.215+0000] {logging_mixin.py:188} INFO - [2025-08-01T16:07:08.215+0000] {dag.py:3947} INFO - Setting next_dagrun for ml_pipeline to None, run_after=None
[2025-08-01T16:07:08.248+0000] {processor.py:183} INFO - Processing /opt/airflow/dags/ml_pipeline.py took 1.570 seconds
[2025-08-01T16:07:38.502+0000] {processor.py:161} INFO - Started process (PID=549) to work on /opt/airflow/dags/ml_pipeline.py
[2025-08-01T16:07:38.506+0000] {processor.py:830} INFO - Processing file /opt/airflow/dags/ml_pipeline.py for tasks to queue
[2025-08-01T16:07:38.510+0000] {logging_mixin.py:188} INFO - [2025-08-01T16:07:38.509+0000] {dagbag.py:545} INFO - Filling up the DagBag from /opt/airflow/dags/ml_pipeline.py
[2025-08-01T16:07:41.435+0000] {processor.py:840} INFO - DAG(s) 'ml_pipeline' retrieved from /opt/airflow/dags/ml_pipeline.py
[2025-08-01T16:07:41.495+0000] {logging_mixin.py:188} INFO - [2025-08-01T16:07:41.494+0000] {dag.py:3089} INFO - Sync 1 DAGs
[2025-08-01T16:07:41.529+0000] {logging_mixin.py:188} INFO - [2025-08-01T16:07:41.528+0000] {dag.py:3947} INFO - Setting next_dagrun for ml_pipeline to None, run_after=None
[2025-08-01T16:07:41.568+0000] {processor.py:183} INFO - Processing /opt/airflow/dags/ml_pipeline.py took 3.083 seconds
[2025-08-01T16:08:11.832+0000] {processor.py:161} INFO - Started process (PID=562) to work on /opt/airflow/dags/ml_pipeline.py
[2025-08-01T16:08:11.833+0000] {processor.py:830} INFO - Processing file /opt/airflow/dags/ml_pipeline.py for tasks to queue
[2025-08-01T16:08:11.835+0000] {logging_mixin.py:188} INFO - [2025-08-01T16:08:11.835+0000] {dagbag.py:545} INFO - Filling up the DagBag from /opt/airflow/dags/ml_pipeline.py
[2025-08-01T16:08:12.980+0000] {processor.py:840} INFO - DAG(s) 'ml_pipeline' retrieved from /opt/airflow/dags/ml_pipeline.py
[2025-08-01T16:08:13.000+0000] {logging_mixin.py:188} INFO - [2025-08-01T16:08:12.999+0000] {dag.py:3089} INFO - Sync 1 DAGs
[2025-08-01T16:08:13.011+0000] {logging_mixin.py:188} INFO - [2025-08-01T16:08:13.011+0000] {dag.py:3947} INFO - Setting next_dagrun for ml_pipeline to None, run_after=None
[2025-08-01T16:08:13.040+0000] {processor.py:183} INFO - Processing /opt/airflow/dags/ml_pipeline.py took 1.214 seconds
[2025-08-01T16:08:43.202+0000] {processor.py:161} INFO - Started process (PID=575) to work on /opt/airflow/dags/ml_pipeline.py
[2025-08-01T16:08:43.203+0000] {processor.py:830} INFO - Processing file /opt/airflow/dags/ml_pipeline.py for tasks to queue
[2025-08-01T16:08:43.205+0000] {logging_mixin.py:188} INFO - [2025-08-01T16:08:43.204+0000] {dagbag.py:545} INFO - Filling up the DagBag from /opt/airflow/dags/ml_pipeline.py
[2025-08-01T16:08:44.350+0000] {processor.py:840} INFO - DAG(s) 'ml_pipeline' retrieved from /opt/airflow/dags/ml_pipeline.py
[2025-08-01T16:08:44.371+0000] {logging_mixin.py:188} INFO - [2025-08-01T16:08:44.370+0000] {dag.py:3089} INFO - Sync 1 DAGs
[2025-08-01T16:08:44.382+0000] {logging_mixin.py:188} INFO - [2025-08-01T16:08:44.382+0000] {dag.py:3947} INFO - Setting next_dagrun for ml_pipeline to None, run_after=None
[2025-08-01T16:08:44.413+0000] {processor.py:183} INFO - Processing /opt/airflow/dags/ml_pipeline.py took 1.218 seconds
[2025-08-01T16:09:14.758+0000] {processor.py:161} INFO - Started process (PID=588) to work on /opt/airflow/dags/ml_pipeline.py
[2025-08-01T16:09:14.759+0000] {processor.py:830} INFO - Processing file /opt/airflow/dags/ml_pipeline.py for tasks to queue
[2025-08-01T16:09:14.762+0000] {logging_mixin.py:188} INFO - [2025-08-01T16:09:14.761+0000] {dagbag.py:545} INFO - Filling up the DagBag from /opt/airflow/dags/ml_pipeline.py
[2025-08-01T16:09:15.848+0000] {processor.py:840} INFO - DAG(s) 'ml_pipeline' retrieved from /opt/airflow/dags/ml_pipeline.py
[2025-08-01T16:09:15.870+0000] {logging_mixin.py:188} INFO - [2025-08-01T16:09:15.870+0000] {dag.py:3089} INFO - Sync 1 DAGs
[2025-08-01T16:09:15.882+0000] {logging_mixin.py:188} INFO - [2025-08-01T16:09:15.881+0000] {dag.py:3947} INFO - Setting next_dagrun for ml_pipeline to None, run_after=None
[2025-08-01T16:09:15.903+0000] {processor.py:183} INFO - Processing /opt/airflow/dags/ml_pipeline.py took 1.151 seconds
[2025-08-01T16:09:46.046+0000] {processor.py:161} INFO - Started process (PID=601) to work on /opt/airflow/dags/ml_pipeline.py
[2025-08-01T16:09:46.047+0000] {processor.py:830} INFO - Processing file /opt/airflow/dags/ml_pipeline.py for tasks to queue
[2025-08-01T16:09:46.049+0000] {logging_mixin.py:188} INFO - [2025-08-01T16:09:46.049+0000] {dagbag.py:545} INFO - Filling up the DagBag from /opt/airflow/dags/ml_pipeline.py
[2025-08-01T16:09:47.234+0000] {processor.py:840} INFO - DAG(s) 'ml_pipeline' retrieved from /opt/airflow/dags/ml_pipeline.py
[2025-08-01T16:09:47.255+0000] {logging_mixin.py:188} INFO - [2025-08-01T16:09:47.255+0000] {dag.py:3089} INFO - Sync 1 DAGs
[2025-08-01T16:09:47.266+0000] {logging_mixin.py:188} INFO - [2025-08-01T16:09:47.266+0000] {dag.py:3947} INFO - Setting next_dagrun for ml_pipeline to None, run_after=None
[2025-08-01T16:09:47.285+0000] {processor.py:183} INFO - Processing /opt/airflow/dags/ml_pipeline.py took 1.245 seconds
[2025-08-01T16:10:17.468+0000] {processor.py:161} INFO - Started process (PID=614) to work on /opt/airflow/dags/ml_pipeline.py
[2025-08-01T16:10:17.469+0000] {processor.py:830} INFO - Processing file /opt/airflow/dags/ml_pipeline.py for tasks to queue
[2025-08-01T16:10:17.473+0000] {logging_mixin.py:188} INFO - [2025-08-01T16:10:17.472+0000] {dagbag.py:545} INFO - Filling up the DagBag from /opt/airflow/dags/ml_pipeline.py
[2025-08-01T16:10:19.064+0000] {processor.py:840} INFO - DAG(s) 'ml_pipeline' retrieved from /opt/airflow/dags/ml_pipeline.py
[2025-08-01T16:10:19.093+0000] {logging_mixin.py:188} INFO - [2025-08-01T16:10:19.092+0000] {dag.py:3089} INFO - Sync 1 DAGs
[2025-08-01T16:10:19.107+0000] {logging_mixin.py:188} INFO - [2025-08-01T16:10:19.107+0000] {dag.py:3947} INFO - Setting next_dagrun for ml_pipeline to None, run_after=None
[2025-08-01T16:10:19.138+0000] {processor.py:183} INFO - Processing /opt/airflow/dags/ml_pipeline.py took 1.679 seconds
[2025-08-01T16:10:49.366+0000] {processor.py:161} INFO - Started process (PID=627) to work on /opt/airflow/dags/ml_pipeline.py
[2025-08-01T16:10:49.368+0000] {processor.py:830} INFO - Processing file /opt/airflow/dags/ml_pipeline.py for tasks to queue
[2025-08-01T16:10:49.371+0000] {logging_mixin.py:188} INFO - [2025-08-01T16:10:49.370+0000] {dagbag.py:545} INFO - Filling up the DagBag from /opt/airflow/dags/ml_pipeline.py
[2025-08-01T16:10:51.093+0000] {processor.py:840} INFO - DAG(s) 'ml_pipeline' retrieved from /opt/airflow/dags/ml_pipeline.py
[2025-08-01T16:10:51.123+0000] {logging_mixin.py:188} INFO - [2025-08-01T16:10:51.122+0000] {dag.py:3089} INFO - Sync 1 DAGs
[2025-08-01T16:10:51.139+0000] {logging_mixin.py:188} INFO - [2025-08-01T16:10:51.139+0000] {dag.py:3947} INFO - Setting next_dagrun for ml_pipeline to None, run_after=None
[2025-08-01T16:10:51.173+0000] {processor.py:183} INFO - Processing /opt/airflow/dags/ml_pipeline.py took 1.815 seconds
[2025-08-01T16:11:21.456+0000] {processor.py:161} INFO - Started process (PID=640) to work on /opt/airflow/dags/ml_pipeline.py
[2025-08-01T16:11:21.457+0000] {processor.py:830} INFO - Processing file /opt/airflow/dags/ml_pipeline.py for tasks to queue
[2025-08-01T16:11:21.459+0000] {logging_mixin.py:188} INFO - [2025-08-01T16:11:21.459+0000] {dagbag.py:545} INFO - Filling up the DagBag from /opt/airflow/dags/ml_pipeline.py
[2025-08-01T16:11:22.911+0000] {processor.py:840} INFO - DAG(s) 'ml_pipeline' retrieved from /opt/airflow/dags/ml_pipeline.py
[2025-08-01T16:11:22.939+0000] {logging_mixin.py:188} INFO - [2025-08-01T16:11:22.939+0000] {dag.py:3089} INFO - Sync 1 DAGs
[2025-08-01T16:11:22.954+0000] {logging_mixin.py:188} INFO - [2025-08-01T16:11:22.954+0000] {dag.py:3947} INFO - Setting next_dagrun for ml_pipeline to None, run_after=None
[2025-08-01T16:11:22.986+0000] {processor.py:183} INFO - Processing /opt/airflow/dags/ml_pipeline.py took 1.537 seconds
