[2025-08-01T15:03:16.419+0000] {manager.py:470} INFO - Processing files using up to 2 processes at a time 
[2025-08-01T15:03:16.420+0000] {manager.py:471} INFO - Process each file at most once every 30 seconds
[2025-08-01T15:03:16.421+0000] {manager.py:472} INFO - Checking for new files in /opt/airflow/dags every 300 seconds
[2025-08-01T15:03:16.423+0000] {manager.py:737} INFO - Searching for files in /opt/airflow/dags
[2025-08-01T15:03:16.442+0000] {manager.py:740} INFO - There are 1 files in /opt/airflow/dags
[2025-08-01T15:03:16.571+0000] {manager.py:878} INFO - 
================================================================================
DAG File Processing Stats

File Path                           PID  Runtime      # DAGs    # Errors  Last Runtime    Last Run
--------------------------------  -----  ---------  --------  ----------  --------------  ----------
/opt/airflow/dags/ml_pipeline.py    164  0.05s             0           0
================================================================================
[2025-08-01T15:03:46.739+0000] {manager.py:878} INFO - 
================================================================================
DAG File Processing Stats

File Path                         PID    Runtime      # DAGs    # Errors  Last Runtime    Last Run
--------------------------------  -----  ---------  --------  ----------  --------------  -------------------
/opt/airflow/dags/ml_pipeline.py                           0           1  1.97s           2025-08-01T15:03:18
================================================================================
[2025-08-01T15:04:17.010+0000] {manager.py:878} INFO - 
================================================================================
DAG File Processing Stats

File Path                         PID    Runtime      # DAGs    # Errors  Last Runtime    Last Run
--------------------------------  -----  ---------  --------  ----------  --------------  -------------------
/opt/airflow/dags/ml_pipeline.py                           0           1  0.40s           2025-08-01T15:03:49
================================================================================
[2025-08-01T15:04:28.024+0000] {manager.py:452} INFO - Exiting gracefully upon receiving signal 15
[2025-08-01T15:04:53.488+0000] {manager.py:470} INFO - Processing files using up to 2 processes at a time 
[2025-08-01T15:04:53.489+0000] {manager.py:471} INFO - Process each file at most once every 30 seconds
[2025-08-01T15:04:53.490+0000] {manager.py:472} INFO - Checking for new files in /opt/airflow/dags every 300 seconds
[2025-08-01T15:04:53.491+0000] {manager.py:737} INFO - Searching for files in /opt/airflow/dags
[2025-08-01T15:04:53.510+0000] {manager.py:740} INFO - There are 1 files in /opt/airflow/dags
[2025-08-01T15:04:53.637+0000] {manager.py:878} INFO - 
================================================================================
DAG File Processing Stats

File Path                           PID  Runtime      # DAGs    # Errors  Last Runtime    Last Run
--------------------------------  -----  ---------  --------  ----------  --------------  ----------
/opt/airflow/dags/ml_pipeline.py    164  0.05s             0           0
================================================================================
[2025-08-01T15:05:23.864+0000] {manager.py:878} INFO - 
================================================================================
DAG File Processing Stats

File Path                         PID    Runtime      # DAGs    # Errors  Last Runtime    Last Run
--------------------------------  -----  ---------  --------  ----------  --------------  -------------------
/opt/airflow/dags/ml_pipeline.py                           0           1  1.66s           2025-08-01T15:04:55
================================================================================
[2025-08-01T15:05:54.127+0000] {manager.py:878} INFO - 
================================================================================
DAG File Processing Stats

File Path                         PID    Runtime      # DAGs    # Errors  Last Runtime    Last Run
--------------------------------  -----  ---------  --------  ----------  --------------  -------------------
/opt/airflow/dags/ml_pipeline.py                           0           1  0.43s           2025-08-01T15:05:25
================================================================================
[2025-08-01T15:06:24.551+0000] {manager.py:878} INFO - 
================================================================================
DAG File Processing Stats

File Path                         PID    Runtime      # DAGs    # Errors  Last Runtime    Last Run
--------------------------------  -----  ---------  --------  ----------  --------------  -------------------
/opt/airflow/dags/ml_pipeline.py                           0           1  0.40s           2025-08-01T15:05:56
================================================================================
[2025-08-01T15:06:55.160+0000] {manager.py:878} INFO - 
================================================================================
DAG File Processing Stats

File Path                         PID    Runtime      # DAGs    # Errors  Last Runtime    Last Run
--------------------------------  -----  ---------  --------  ----------  --------------  -------------------
/opt/airflow/dags/ml_pipeline.py                           0           1  0.39s           2025-08-01T15:06:26
================================================================================
[2025-08-01T15:07:25.444+0000] {manager.py:878} INFO - 
================================================================================
DAG File Processing Stats

File Path                         PID    Runtime      # DAGs    # Errors  Last Runtime    Last Run
--------------------------------  -----  ---------  --------  ----------  --------------  -------------------
/opt/airflow/dags/ml_pipeline.py                           0           1  0.40s           2025-08-01T15:06:57
================================================================================
[2025-08-01T15:07:55.526+0000] {manager.py:878} INFO - 
================================================================================
DAG File Processing Stats

File Path                         PID    Runtime      # DAGs    # Errors  Last Runtime    Last Run
--------------------------------  -----  ---------  --------  ----------  --------------  -------------------
/opt/airflow/dags/ml_pipeline.py                           0           1  0.41s           2025-08-01T15:07:28
================================================================================
[2025-08-01T15:08:25.888+0000] {manager.py:878} INFO - 
================================================================================
DAG File Processing Stats

File Path                         PID    Runtime      # DAGs    # Errors  Last Runtime    Last Run
--------------------------------  -----  ---------  --------  ----------  --------------  -------------------
/opt/airflow/dags/ml_pipeline.py                           0           1  0.43s           2025-08-01T15:07:59
================================================================================
[2025-08-01T15:08:55.916+0000] {manager.py:878} INFO - 
================================================================================
DAG File Processing Stats

File Path                         PID    Runtime      # DAGs    # Errors  Last Runtime    Last Run
--------------------------------  -----  ---------  --------  ----------  --------------  -------------------
/opt/airflow/dags/ml_pipeline.py                           0           1  0.39s           2025-08-01T15:08:29
================================================================================
[2025-08-01T15:09:11.246+0000] {manager.py:452} INFO - Exiting gracefully upon receiving signal 15
[2025-08-01T15:32:21.617+0000] {manager.py:470} INFO - Processing files using up to 2 processes at a time 
[2025-08-01T15:32:21.622+0000] {manager.py:471} INFO - Process each file at most once every 30 seconds
[2025-08-01T15:32:21.628+0000] {manager.py:472} INFO - Checking for new files in /opt/airflow/dags every 300 seconds
[2025-08-01T15:32:21.632+0000] {manager.py:737} INFO - Searching for files in /opt/airflow/dags
[2025-08-01T15:32:21.660+0000] {manager.py:740} INFO - There are 1 files in /opt/airflow/dags
[2025-08-01T15:32:21.841+0000] {manager.py:878} INFO - 
================================================================================
DAG File Processing Stats

File Path                           PID  Runtime      # DAGs    # Errors  Last Runtime    Last Run
--------------------------------  -----  ---------  --------  ----------  --------------  ----------
/opt/airflow/dags/ml_pipeline.py    184  0.05s             0           0
================================================================================
[2025-08-01T15:32:52.058+0000] {manager.py:878} INFO - 
================================================================================
DAG File Processing Stats

File Path                         PID    Runtime      # DAGs    # Errors  Last Runtime    Last Run
--------------------------------  -----  ---------  --------  ----------  --------------  -------------------
/opt/airflow/dags/ml_pipeline.py                           0           1  3.24s           2025-08-01T15:32:25
================================================================================
[2025-08-01T15:33:22.607+0000] {manager.py:878} INFO - 
================================================================================
DAG File Processing Stats

File Path                         PID    Runtime      # DAGs    # Errors  Last Runtime    Last Run
--------------------------------  -----  ---------  --------  ----------  --------------  -------------------
/opt/airflow/dags/ml_pipeline.py                           0           1  1.19s           2025-08-01T15:32:56
================================================================================
[2025-08-01T15:33:53.062+0000] {manager.py:878} INFO - 
================================================================================
DAG File Processing Stats

File Path                         PID    Runtime      # DAGs    # Errors  Last Runtime    Last Run
--------------------------------  -----  ---------  --------  ----------  --------------  -------------------
/opt/airflow/dags/ml_pipeline.py                           0           1  1.19s           2025-08-01T15:33:27
================================================================================
[2025-08-01T15:34:23.576+0000] {manager.py:878} INFO - 
================================================================================
DAG File Processing Stats

File Path                         PID    Runtime      # DAGs    # Errors  Last Runtime    Last Run
--------------------------------  -----  ---------  --------  ----------  --------------  -------------------
/opt/airflow/dags/ml_pipeline.py                           0           1  1.19s           2025-08-01T15:33:59
================================================================================
[2025-08-01T15:34:54.042+0000] {manager.py:878} INFO - 
================================================================================
DAG File Processing Stats

File Path                         PID    Runtime      # DAGs    # Errors  Last Runtime    Last Run
--------------------------------  -----  ---------  --------  ----------  --------------  -------------------
/opt/airflow/dags/ml_pipeline.py                           0           1  1.18s           2025-08-01T15:34:30
================================================================================
[2025-08-01T15:35:24.556+0000] {manager.py:878} INFO - 
================================================================================
DAG File Processing Stats

File Path                         PID    Runtime      # DAGs    # Errors  Last Runtime    Last Run
--------------------------------  -----  ---------  --------  ----------  --------------  -------------------
/opt/airflow/dags/ml_pipeline.py                           0           1  1.18s           2025-08-01T15:35:02
================================================================================
[2025-08-01T15:35:54.945+0000] {manager.py:878} INFO - 
================================================================================
DAG File Processing Stats

File Path                         PID    Runtime      # DAGs    # Errors  Last Runtime    Last Run
--------------------------------  -----  ---------  --------  ----------  --------------  -------------------
/opt/airflow/dags/ml_pipeline.py                           0           1  1.26s           2025-08-01T15:35:33
================================================================================
[2025-08-01T15:36:25.448+0000] {manager.py:878} INFO - 
================================================================================
DAG File Processing Stats

File Path                         PID    Runtime      # DAGs    # Errors  Last Runtime    Last Run
--------------------------------  -----  ---------  --------  ----------  --------------  -------------------
/opt/airflow/dags/ml_pipeline.py                           0           1  1.21s           2025-08-01T15:36:05
================================================================================
[2025-08-01T15:36:55.724+0000] {manager.py:878} INFO - 
================================================================================
DAG File Processing Stats

File Path                         PID    Runtime      # DAGs    # Errors  Last Runtime    Last Run
--------------------------------  -----  ---------  --------  ----------  --------------  -------------------
/opt/airflow/dags/ml_pipeline.py                           0           1  1.21s           2025-08-01T15:36:36
================================================================================
[2025-08-01T15:37:22.163+0000] {manager.py:737} INFO - Searching for files in /opt/airflow/dags
[2025-08-01T15:37:22.200+0000] {manager.py:740} INFO - There are 1 files in /opt/airflow/dags
[2025-08-01T15:37:26.251+0000] {manager.py:878} INFO - 
================================================================================
DAG File Processing Stats

File Path                         PID    Runtime      # DAGs    # Errors  Last Runtime    Last Run
--------------------------------  -----  ---------  --------  ----------  --------------  -------------------
/opt/airflow/dags/ml_pipeline.py                           0           1  1.18s           2025-08-01T15:37:08
================================================================================
[2025-08-01T15:37:56.542+0000] {manager.py:878} INFO - 
================================================================================
DAG File Processing Stats

File Path                         PID    Runtime      # DAGs    # Errors  Last Runtime    Last Run
--------------------------------  -----  ---------  --------  ----------  --------------  -------------------
/opt/airflow/dags/ml_pipeline.py                           0           1  1.38s           2025-08-01T15:37:39
================================================================================
[2025-08-01T15:38:27.220+0000] {manager.py:878} INFO - 
================================================================================
DAG File Processing Stats

File Path                         PID    Runtime      # DAGs    # Errors  Last Runtime    Last Run
--------------------------------  -----  ---------  --------  ----------  --------------  -------------------
/opt/airflow/dags/ml_pipeline.py                           0           1  1.20s           2025-08-01T15:38:11
================================================================================
[2025-08-01T15:38:57.700+0000] {manager.py:878} INFO - 
================================================================================
DAG File Processing Stats

File Path                         PID    Runtime      # DAGs    # Errors  Last Runtime    Last Run
--------------------------------  -----  ---------  --------  ----------  --------------  -------------------
/opt/airflow/dags/ml_pipeline.py                           0           1  1.39s           2025-08-01T15:38:42
================================================================================
[2025-08-01T15:39:28.094+0000] {manager.py:878} INFO - 
================================================================================
DAG File Processing Stats

File Path                         PID    Runtime      # DAGs    # Errors  Last Runtime    Last Run
--------------------------------  -----  ---------  --------  ----------  --------------  -------------------
/opt/airflow/dags/ml_pipeline.py                           0           1  1.34s           2025-08-01T15:39:14
================================================================================
[2025-08-01T15:39:58.589+0000] {manager.py:878} INFO - 
================================================================================
DAG File Processing Stats

File Path                         PID    Runtime      # DAGs    # Errors  Last Runtime    Last Run
--------------------------------  -----  ---------  --------  ----------  --------------  -------------------
/opt/airflow/dags/ml_pipeline.py                           0           1  1.25s           2025-08-01T15:39:45
================================================================================
[2025-08-01T15:40:26.813+0000] {manager.py:452} INFO - Exiting gracefully upon receiving signal 15
[2025-08-01T15:40:36.011+0000] {manager.py:470} INFO - Processing files using up to 2 processes at a time 
[2025-08-01T15:40:36.012+0000] {manager.py:471} INFO - Process each file at most once every 30 seconds
[2025-08-01T15:40:36.012+0000] {manager.py:472} INFO - Checking for new files in /opt/airflow/dags every 300 seconds
[2025-08-01T15:40:36.013+0000] {manager.py:737} INFO - Searching for files in /opt/airflow/dags
[2025-08-01T15:40:36.027+0000] {manager.py:740} INFO - There are 1 files in /opt/airflow/dags
[2025-08-01T15:40:36.110+0000] {manager.py:878} INFO - 
================================================================================
DAG File Processing Stats

File Path                           PID  Runtime      # DAGs    # Errors  Last Runtime    Last Run
--------------------------------  -----  ---------  --------  ----------  --------------  ----------
/opt/airflow/dags/ml_pipeline.py    180  0.04s             0           0
================================================================================
[2025-08-01T15:41:06.284+0000] {manager.py:878} INFO - 
================================================================================
DAG File Processing Stats

File Path                         PID    Runtime      # DAGs    # Errors  Last Runtime    Last Run
--------------------------------  -----  ---------  --------  ----------  --------------  -------------------
/opt/airflow/dags/ml_pipeline.py                           1           0  1.25s           2025-08-01T15:40:37
================================================================================
[2025-08-01T15:41:36.735+0000] {manager.py:878} INFO - 
================================================================================
DAG File Processing Stats

File Path                         PID    Runtime      # DAGs    # Errors  Last Runtime    Last Run
--------------------------------  -----  ---------  --------  ----------  --------------  -------------------
/opt/airflow/dags/ml_pipeline.py                           1           0  1.38s           2025-08-01T15:41:08
================================================================================
[2025-08-01T15:42:07.433+0000] {manager.py:878} INFO - 
================================================================================
DAG File Processing Stats

File Path                         PID    Runtime      # DAGs    # Errors  Last Runtime    Last Run
--------------------------------  -----  ---------  --------  ----------  --------------  -------------------
/opt/airflow/dags/ml_pipeline.py                           1           0  1.28s           2025-08-01T15:41:40
================================================================================
[2025-08-01T15:42:37.932+0000] {manager.py:878} INFO - 
================================================================================
DAG File Processing Stats

File Path                         PID    Runtime      # DAGs    # Errors  Last Runtime    Last Run
--------------------------------  -----  ---------  --------  ----------  --------------  -------------------
/opt/airflow/dags/ml_pipeline.py                           1           0  1.37s           2025-08-01T15:42:11
================================================================================
[2025-08-01T15:43:08.415+0000] {manager.py:878} INFO - 
================================================================================
DAG File Processing Stats

File Path                         PID    Runtime      # DAGs    # Errors  Last Runtime    Last Run
--------------------------------  -----  ---------  --------  ----------  --------------  -------------------
/opt/airflow/dags/ml_pipeline.py                           1           0  1.36s           2025-08-01T15:42:43
================================================================================
[2025-08-01T15:43:38.914+0000] {manager.py:878} INFO - 
================================================================================
DAG File Processing Stats

File Path                         PID    Runtime      # DAGs    # Errors  Last Runtime    Last Run
--------------------------------  -----  ---------  --------  ----------  --------------  -------------------
/opt/airflow/dags/ml_pipeline.py                           1           0  1.34s           2025-08-01T15:43:14
================================================================================
[2025-08-01T15:44:09.296+0000] {manager.py:878} INFO - 
================================================================================
DAG File Processing Stats

File Path                         PID    Runtime      # DAGs    # Errors  Last Runtime    Last Run
--------------------------------  -----  ---------  --------  ----------  --------------  -------------------
/opt/airflow/dags/ml_pipeline.py                           1           0  1.46s           2025-08-01T15:43:46
================================================================================
[2025-08-01T15:44:39.854+0000] {manager.py:878} INFO - 
================================================================================
DAG File Processing Stats

File Path                         PID    Runtime      # DAGs    # Errors  Last Runtime    Last Run
--------------------------------  -----  ---------  --------  ----------  --------------  -------------------
/opt/airflow/dags/ml_pipeline.py                           1           0  1.36s           2025-08-01T15:44:18
================================================================================
[2025-08-01T15:45:09.927+0000] {manager.py:878} INFO - 
================================================================================
DAG File Processing Stats

File Path                         PID    Runtime      # DAGs    # Errors  Last Runtime    Last Run
--------------------------------  -----  ---------  --------  ----------  --------------  -------------------
/opt/airflow/dags/ml_pipeline.py                           1           0  1.28s           2025-08-01T15:44:49
================================================================================
[2025-08-01T15:45:36.201+0000] {manager.py:737} INFO - Searching for files in /opt/airflow/dags
[2025-08-01T15:45:36.224+0000] {manager.py:740} INFO - There are 1 files in /opt/airflow/dags
[2025-08-01T15:45:39.970+0000] {manager.py:878} INFO - 
================================================================================
DAG File Processing Stats

File Path                         PID    Runtime      # DAGs    # Errors  Last Runtime    Last Run
--------------------------------  -----  ---------  --------  ----------  --------------  -------------------
/opt/airflow/dags/ml_pipeline.py                           1           0  1.31s           2025-08-01T15:45:21
================================================================================
[2025-08-01T15:46:10.268+0000] {manager.py:878} INFO - 
================================================================================
DAG File Processing Stats

File Path                         PID    Runtime      # DAGs    # Errors  Last Runtime    Last Run
--------------------------------  -----  ---------  --------  ----------  --------------  -------------------
/opt/airflow/dags/ml_pipeline.py                           1           0  1.21s           2025-08-01T15:45:52
================================================================================
[2025-08-01T15:46:40.736+0000] {manager.py:878} INFO - 
================================================================================
DAG File Processing Stats

File Path                         PID    Runtime      # DAGs    # Errors  Last Runtime    Last Run
--------------------------------  -----  ---------  --------  ----------  --------------  -------------------
/opt/airflow/dags/ml_pipeline.py                           1           0  1.33s           2025-08-01T15:46:23
================================================================================
[2025-08-01T15:47:11.025+0000] {manager.py:878} INFO - 
================================================================================
DAG File Processing Stats

File Path                         PID    Runtime      # DAGs    # Errors  Last Runtime    Last Run
--------------------------------  -----  ---------  --------  ----------  --------------  -------------------
/opt/airflow/dags/ml_pipeline.py                           1           0  1.36s           2025-08-01T15:46:55
================================================================================
[2025-08-01T15:47:39.858+0000] {manager.py:452} INFO - Exiting gracefully upon receiving signal 15
[2025-08-01T15:47:50.082+0000] {manager.py:470} INFO - Processing files using up to 2 processes at a time 
[2025-08-01T15:47:50.083+0000] {manager.py:471} INFO - Process each file at most once every 30 seconds
[2025-08-01T15:47:50.084+0000] {manager.py:472} INFO - Checking for new files in /opt/airflow/dags every 300 seconds
[2025-08-01T15:47:50.085+0000] {manager.py:737} INFO - Searching for files in /opt/airflow/dags
[2025-08-01T15:47:50.100+0000] {manager.py:740} INFO - There are 1 files in /opt/airflow/dags
[2025-08-01T15:47:50.186+0000] {manager.py:878} INFO - 
================================================================================
DAG File Processing Stats

File Path                           PID  Runtime      # DAGs    # Errors  Last Runtime    Last Run
--------------------------------  -----  ---------  --------  ----------  --------------  ----------
/opt/airflow/dags/ml_pipeline.py    180  0.04s             0           0
================================================================================
[2025-08-01T15:48:20.374+0000] {manager.py:878} INFO - 
================================================================================
DAG File Processing Stats

File Path                         PID    Runtime      # DAGs    # Errors  Last Runtime    Last Run
--------------------------------  -----  ---------  --------  ----------  --------------  -------------------
/opt/airflow/dags/ml_pipeline.py                           1           0  1.32s           2025-08-01T15:47:51
================================================================================
[2025-08-01T15:48:50.978+0000] {manager.py:878} INFO - 
================================================================================
DAG File Processing Stats

File Path                         PID    Runtime      # DAGs    # Errors  Last Runtime    Last Run
--------------------------------  -----  ---------  --------  ----------  --------------  -------------------
/opt/airflow/dags/ml_pipeline.py                           1           0  1.29s           2025-08-01T15:48:23
================================================================================
[2025-08-01T15:49:21.590+0000] {manager.py:878} INFO - 
================================================================================
DAG File Processing Stats

File Path                         PID    Runtime      # DAGs    # Errors  Last Runtime    Last Run
--------------------------------  -----  ---------  --------  ----------  --------------  -------------------
/opt/airflow/dags/ml_pipeline.py                           1           0  1.20s           2025-08-01T15:48:54
================================================================================
[2025-08-01T15:49:49.172+0000] {manager.py:452} INFO - Exiting gracefully upon receiving signal 15
[2025-08-01T15:50:10.265+0000] {manager.py:470} INFO - Processing files using up to 2 processes at a time 
[2025-08-01T15:50:10.266+0000] {manager.py:471} INFO - Process each file at most once every 30 seconds
[2025-08-01T15:50:10.267+0000] {manager.py:472} INFO - Checking for new files in /opt/airflow/dags every 300 seconds
[2025-08-01T15:50:10.269+0000] {manager.py:737} INFO - Searching for files in /opt/airflow/dags
[2025-08-01T15:50:10.295+0000] {manager.py:740} INFO - There are 1 files in /opt/airflow/dags
[2025-08-01T15:50:10.440+0000] {manager.py:878} INFO - 
================================================================================
DAG File Processing Stats

File Path                           PID  Runtime      # DAGs    # Errors  Last Runtime    Last Run
--------------------------------  -----  ---------  --------  ----------  --------------  ----------
/opt/airflow/dags/ml_pipeline.py    180  0.07s             0           0
================================================================================
[2025-08-01T15:50:40.629+0000] {manager.py:878} INFO - 
================================================================================
DAG File Processing Stats

File Path                         PID    Runtime      # DAGs    # Errors  Last Runtime    Last Run
--------------------------------  -----  ---------  --------  ----------  --------------  -------------------
/opt/airflow/dags/ml_pipeline.py                           1           0  2.33s           2025-08-01T15:50:12
================================================================================
[2025-08-01T15:51:11.031+0000] {manager.py:878} INFO - 
================================================================================
DAG File Processing Stats

File Path                         PID    Runtime      # DAGs    # Errors  Last Runtime    Last Run
--------------------------------  -----  ---------  --------  ----------  --------------  -------------------
/opt/airflow/dags/ml_pipeline.py                           1           0  2.36s           2025-08-01T15:50:45
================================================================================
[2025-08-01T15:51:17.924+0000] {manager.py:452} INFO - Exiting gracefully upon receiving signal 15
[2025-08-01T15:51:32.034+0000] {manager.py:470} INFO - Processing files using up to 2 processes at a time 
[2025-08-01T15:51:32.035+0000] {manager.py:471} INFO - Process each file at most once every 30 seconds
[2025-08-01T15:51:32.036+0000] {manager.py:472} INFO - Checking for new files in /opt/airflow/dags every 300 seconds
[2025-08-01T15:51:32.037+0000] {manager.py:737} INFO - Searching for files in /opt/airflow/dags
[2025-08-01T15:51:32.057+0000] {manager.py:740} INFO - There are 1 files in /opt/airflow/dags
[2025-08-01T15:51:32.189+0000] {manager.py:878} INFO - 
================================================================================
DAG File Processing Stats

File Path                           PID  Runtime      # DAGs    # Errors  Last Runtime    Last Run
--------------------------------  -----  ---------  --------  ----------  --------------  ----------
/opt/airflow/dags/ml_pipeline.py    180  0.06s             0           0
================================================================================
[2025-08-01T15:52:02.380+0000] {manager.py:878} INFO - 
================================================================================
DAG File Processing Stats

File Path                         PID    Runtime      # DAGs    # Errors  Last Runtime    Last Run
--------------------------------  -----  ---------  --------  ----------  --------------  -------------------
/opt/airflow/dags/ml_pipeline.py                           1           0  1.83s           2025-08-01T15:51:33
================================================================================
[2025-08-01T15:52:32.442+0000] {manager.py:878} INFO - 
================================================================================
DAG File Processing Stats

File Path                         PID    Runtime      # DAGs    # Errors  Last Runtime    Last Run
--------------------------------  -----  ---------  --------  ----------  --------------  -------------------
/opt/airflow/dags/ml_pipeline.py                           1           0  1.14s           2025-08-01T15:52:05
================================================================================
[2025-08-01T15:53:02.466+0000] {manager.py:878} INFO - 
================================================================================
DAG File Processing Stats

File Path                         PID    Runtime      # DAGs    # Errors  Last Runtime    Last Run
--------------------------------  -----  ---------  --------  ----------  --------------  -------------------
/opt/airflow/dags/ml_pipeline.py                           1           0  1.73s           2025-08-01T15:52:37
================================================================================
[2025-08-01T15:53:32.754+0000] {manager.py:878} INFO - 
================================================================================
DAG File Processing Stats

File Path                         PID    Runtime      # DAGs    # Errors  Last Runtime    Last Run
--------------------------------  -----  ---------  --------  ----------  --------------  -------------------
/opt/airflow/dags/ml_pipeline.py                           1           0  1.20s           2025-08-01T15:53:08
================================================================================
[2025-08-01T15:54:03.147+0000] {manager.py:878} INFO - 
================================================================================
DAG File Processing Stats

File Path                         PID    Runtime      # DAGs    # Errors  Last Runtime    Last Run
--------------------------------  -----  ---------  --------  ----------  --------------  -------------------
/opt/airflow/dags/ml_pipeline.py                           1           0  1.32s           2025-08-01T15:53:40
================================================================================
[2025-08-01T15:54:11.814+0000] {manager.py:452} INFO - Exiting gracefully upon receiving signal 15
[2025-08-01T15:54:14.499+0000] {manager.py:452} INFO - Exiting gracefully upon receiving signal 15
